-------------------------------------------------------------------------------
Test set: com.xxxx.manager.GoodsCategroyServiceTest
-------------------------------------------------------------------------------
Tests run: 2, Failures: 0, Errors: 2, Skipped: 0, Time elapsed: 93.234 s <<< FAILURE! - in com.xxxx.manager.GoodsCategroyServiceTest
testHtml  Time elapsed: 0.003 s  <<< ERROR!
java.lang.IllegalStateException: Failed to load ApplicationContext
Caused by: org.springframework.beans.factory.BeanCreationException: Error creating bean with name 'userController' defined in file [D:\IdeaProjects\shop-teach\shop-manager\target\classes\com\xxxx\manager\controller\UserController.class]: Initialization of bean failed; nested exception is org.springframework.beans.factory.BeanCreationException: userController; nested exception is java.lang.IllegalStateException: Failed to check the status of the service com.xxxx.sso.service.SsoService. No provider available for the service com.xxxx.sso.service.SsoService from the url zookeeper://192.168.10.100:2181/com.alibaba.dubbo.registry.RegistryService?application=rpc-consumer&dubbo=2.6.0&interface=com.xxxx.sso.service.SsoService&methods=logout,login,validate&pid=10000&register.ip=192.168.10.1&revision=1.0-SNAPSHOT&side=consumer&timestamp=1591434968048 to the consumer 192.168.10.1 use dubbo version 2.6.0
Caused by: org.springframework.beans.factory.BeanCreationException: userController; nested exception is java.lang.IllegalStateException: Failed to check the status of the service com.xxxx.sso.service.SsoService. No provider available for the service com.xxxx.sso.service.SsoService from the url zookeeper://192.168.10.100:2181/com.alibaba.dubbo.registry.RegistryService?application=rpc-consumer&dubbo=2.6.0&interface=com.xxxx.sso.service.SsoService&methods=logout,login,validate&pid=10000&register.ip=192.168.10.1&revision=1.0-SNAPSHOT&side=consumer&timestamp=1591434968048 to the consumer 192.168.10.1 use dubbo version 2.6.0
Caused by: java.lang.IllegalStateException: Failed to check the status of the service com.xxxx.sso.service.SsoService. No provider available for the service com.xxxx.sso.service.SsoService from the url zookeeper://192.168.10.100:2181/com.alibaba.dubbo.registry.RegistryService?application=rpc-consumer&dubbo=2.6.0&interface=com.xxxx.sso.service.SsoService&methods=logout,login,validate&pid=10000&register.ip=192.168.10.1&revision=1.0-SNAPSHOT&side=consumer&timestamp=1591434968048 to the consumer 192.168.10.1 use dubbo version 2.6.0

testSelectCategoryListForView  Time elapsed: 0.001 s  <<< ERROR!
java.lang.IllegalStateException: Failed to load ApplicationContext
Caused by: org.springframework.beans.factory.BeanCreationException: Error creating bean with name 'userController' defined in file [D:\IdeaProjects\shop-teach\shop-manager\target\classes\com\xxxx\manager\controller\UserController.class]: Initialization of bean failed; nested exception is org.springframework.beans.factory.BeanCreationException: userController; nested exception is java.lang.IllegalStateException: Failed to check the status of the service com.xxxx.sso.service.SsoService. No provider available for the service com.xxxx.sso.service.SsoService from the url zookeeper://192.168.10.100:2181/com.alibaba.dubbo.registry.RegistryService?application=rpc-consumer&dubbo=2.6.0&interface=com.xxxx.sso.service.SsoService&methods=logout,login,validate&pid=10000&register.ip=192.168.10.1&revision=1.0-SNAPSHOT&side=consumer&timestamp=1591434987585 to the consumer 192.168.10.1 use dubbo version 2.6.0
Caused by: org.springframework.beans.factory.BeanCreationException: userController; nested exception is java.lang.IllegalStateException: Failed to check the status of the service com.xxxx.sso.service.SsoService. No provider available for the service com.xxxx.sso.service.SsoService from the url zookeeper://192.168.10.100:2181/com.alibaba.dubbo.registry.RegistryService?application=rpc-consumer&dubbo=2.6.0&interface=com.xxxx.sso.service.SsoService&methods=logout,login,validate&pid=10000&register.ip=192.168.10.1&revision=1.0-SNAPSHOT&side=consumer&timestamp=1591434987585 to the consumer 192.168.10.1 use dubbo version 2.6.0
Caused by: java.lang.IllegalStateException: Failed to check the status of the service com.xxxx.sso.service.SsoService. No provider available for the service com.xxxx.sso.service.SsoService from the url zookeeper://192.168.10.100:2181/com.alibaba.dubbo.registry.RegistryService?application=rpc-consumer&dubbo=2.6.0&interface=com.xxxx.sso.service.SsoService&methods=logout,login,validate&pid=10000&register.ip=192.168.10.1&revision=1.0-SNAPSHOT&side=consumer&timestamp=1591434987585 to the consumer 192.168.10.1 use dubbo version 2.6.0

