<?xml version="1.0" encoding="UTF-8"?>
<testsuite xmlns:xsi="http://www.w3.org/2001/XMLSchema-instance" xsi:noNamespaceSchemaLocation="https://maven.apache.org/surefire/maven-surefire-plugin/xsd/surefire-test-report.xsd" name="com.xxxx.manager.GoodsCategroyServiceTest" time="93.234" tests="2" errors="2" skipped="0" failures="0">
  <properties>
[...]
</properties>
  <testcase name="testHtml" classname="com.xxxx.manager.GoodsCategroyServiceTest" time="0.003">
    <error message="Failed to load ApplicationContext" type="java.lang.IllegalStateException"><![CDATA[java.lang.IllegalStateException: Failed to load ApplicationContext
Caused by: org.springframework.beans.factory.BeanCreationException: Error creating bean with name 'userController' defined in file [D:\IdeaProjects\shop-teach\shop-manager\target\classes\com\xxxx\manager\controller\UserController.class]: Initialization of bean failed; nested exception is org.springframework.beans.factory.BeanCreationException: userController; nested exception is java.lang.IllegalStateException: Failed to check the status of the service com.xxxx.sso.service.SsoService. No provider available for the service com.xxxx.sso.service.SsoService from the url zookeeper://192.168.10.100:2181/com.alibaba.dubbo.registry.RegistryService?application=rpc-consumer&dubbo=2.6.0&interface=com.xxxx.sso.service.SsoService&methods=logout,login,validate&pid=10000&register.ip=192.168.10.1&revision=1.0-SNAPSHOT&side=consumer&timestamp=1591434968048 to the consumer 192.168.10.1 use dubbo version 2.6.0
Caused by: org.springframework.beans.factory.BeanCreationException: userController; nested exception is java.lang.IllegalStateException: Failed to check the status of the service com.xxxx.sso.service.SsoService. No provider available for the service com.xxxx.sso.service.SsoService from the url zookeeper://192.168.10.100:2181/com.alibaba.dubbo.registry.RegistryService?application=rpc-consumer&dubbo=2.6.0&interface=com.xxxx.sso.service.SsoService&methods=logout,login,validate&pid=10000&register.ip=192.168.10.1&revision=1.0-SNAPSHOT&side=consumer&timestamp=1591434968048 to the consumer 192.168.10.1 use dubbo version 2.6.0
Caused by: java.lang.IllegalStateException: Failed to check the status of the service com.xxxx.sso.service.SsoService. No provider available for the service com.xxxx.sso.service.SsoService from the url zookeeper://192.168.10.100:2181/com.alibaba.dubbo.registry.RegistryService?application=rpc-consumer&dubbo=2.6.0&interface=com.xxxx.sso.service.SsoService&methods=logout,login,validate&pid=10000&register.ip=192.168.10.1&revision=1.0-SNAPSHOT&side=consumer&timestamp=1591434968048 to the consumer 192.168.10.1 use dubbo version 2.6.0
]]></error>
    <system-out><![CDATA[17:14:59.563 [main] DEBUG org.springframework.test.context.BootstrapUtils - Instantiating CacheAwareContextLoaderDelegate from class [org.springframework.test.context.cache.DefaultCacheAwareContextLoaderDelegate]
17:15:01.486 [main] DEBUG org.springframework.test.context.BootstrapUtils - Instantiating BootstrapContext using constructor [public org.springframework.test.context.support.DefaultBootstrapContext(java.lang.Class,org.springframework.test.context.CacheAwareContextLoaderDelegate)]
17:15:03.043 [main] DEBUG org.springframework.test.context.BootstrapUtils - Instantiating TestContextBootstrapper for test class [com.xxxx.manager.GoodsCategroyServiceTest] from class [org.springframework.boot.test.context.SpringBootTestContextBootstrapper]
17:15:07.076 [main] INFO org.springframework.boot.test.context.SpringBootTestContextBootstrapper - Neither @ContextConfiguration nor @ContextHierarchy found for test class [com.xxxx.manager.GoodsCategroyServiceTest], using SpringBootContextLoader
17:15:07.615 [main] DEBUG org.springframework.test.context.support.AbstractContextLoader - Did not detect default resource location for test class [com.xxxx.manager.GoodsCategroyServiceTest]: class path resource [com/xxxx/manager/GoodsCategroyServiceTest-context.xml] does not exist
17:15:07.616 [main] DEBUG org.springframework.test.context.support.AbstractContextLoader - Did not detect default resource location for test class [com.xxxx.manager.GoodsCategroyServiceTest]: class path resource [com/xxxx/manager/GoodsCategroyServiceTestContext.groovy] does not exist
17:15:07.616 [main] INFO org.springframework.test.context.support.AbstractContextLoader - Could not detect default resource locations for test class [com.xxxx.manager.GoodsCategroyServiceTest]: no resource found for suffixes {-context.xml, Context.groovy}.
17:15:07.617 [main] INFO org.springframework.test.context.support.AnnotationConfigContextLoaderUtils - Could not detect default configuration classes for test class [com.xxxx.manager.GoodsCategroyServiceTest]: GoodsCategroyServiceTest does not declare any static, non-private, non-final, nested classes annotated with @Configuration.
17:15:10.791 [main] DEBUG org.springframework.test.context.support.ActiveProfilesUtils - Could not find an 'annotation declaring class' for annotation type [org.springframework.test.context.ActiveProfiles] and class [com.xxxx.manager.GoodsCategroyServiceTest]
17:15:13.598 [main] DEBUG org.springframework.context.annotation.ClassPathScanningCandidateComponentProvider - Identified candidate component class: file [D:\IdeaProjects\shop-teach\shop-manager\target\classes\com\xxxx\manager\ManagerApplication.class]
17:15:13.599 [main] INFO org.springframework.boot.test.context.SpringBootTestContextBootstrapper - Found @SpringBootConfiguration com.xxxx.manager.ManagerApplication for test class com.xxxx.manager.GoodsCategroyServiceTest
17:15:21.432 [main] DEBUG org.springframework.boot.test.context.SpringBootTestContextBootstrapper - @TestExecutionListeners is not present for class [com.xxxx.manager.GoodsCategroyServiceTest]: using defaults.
17:15:21.433 [main] INFO org.springframework.boot.test.context.SpringBootTestContextBootstrapper - Loaded default TestExecutionListener class names from location [META-INF/spring.factories]: [org.springframework.boot.test.mock.mockito.MockitoTestExecutionListener, org.springframework.boot.test.mock.mockito.ResetMocksTestExecutionListener, org.springframework.boot.test.autoconfigure.restdocs.RestDocsTestExecutionListener, org.springframework.boot.test.autoconfigure.web.client.MockRestServiceServerResetTestExecutionListener, org.springframework.boot.test.autoconfigure.web.servlet.MockMvcPrintOnlyOnFailureTestExecutionListener, org.springframework.boot.test.autoconfigure.web.servlet.WebDriverTestExecutionListener, org.springframework.test.context.web.ServletTestExecutionListener, org.springframework.test.context.support.DirtiesContextBeforeModesTestExecutionListener, org.springframework.test.context.support.DependencyInjectionTestExecutionListener, org.springframework.test.context.support.DirtiesContextTestExecutionListener, org.springframework.test.context.transaction.TransactionalTestExecutionListener, org.springframework.test.context.jdbc.SqlScriptsTestExecutionListener, org.springframework.test.context.event.EventPublishingTestExecutionListener]
17:15:21.760 [main] INFO org.springframework.boot.test.context.SpringBootTestContextBootstrapper - Using TestExecutionListeners: [org.springframework.test.context.web.ServletTestExecutionListener@6f44a157, org.springframework.test.context.support.DirtiesContextBeforeModesTestExecutionListener@6bc407fd, org.springframework.boot.test.mock.mockito.MockitoTestExecutionListener@291f18, org.springframework.boot.test.autoconfigure.SpringBootDependencyInjectionTestExecutionListener@17d88132, org.springframework.test.context.support.DirtiesContextTestExecutionListener@5ddcc487, org.springframework.test.context.transaction.TransactionalTestExecutionListener@16eccb2e, org.springframework.test.context.jdbc.SqlScriptsTestExecutionListener@5ef5c734, org.springframework.test.context.event.EventPublishingTestExecutionListener@d771cc9, org.springframework.boot.test.mock.mockito.ResetMocksTestExecutionListener@36b4091c, org.springframework.boot.test.autoconfigure.restdocs.RestDocsTestExecutionListener@4671115f, org.springframework.boot.test.autoconfigure.web.client.MockRestServiceServerResetTestExecutionListener@36cda2c2, org.springframework.boot.test.autoconfigure.web.servlet.MockMvcPrintOnlyOnFailureTestExecutionListener@3697186, org.springframework.boot.test.autoconfigure.web.servlet.WebDriverTestExecutionListener@1583741e]
17:15:21.766 [main] DEBUG org.springframework.test.context.support.AbstractDirtiesContextTestExecutionListener - Before test class: context [DefaultTestContext@74bf1791 testClass = GoodsCategroyServiceTest, testInstance = [null], testMethod = [null], testException = [null], mergedContextConfiguration = [WebMergedContextConfiguration@54504ecd testClass = GoodsCategroyServiceTest, locations = '{}', classes = '{class com.xxxx.manager.ManagerApplication}', contextInitializerClasses = '[]', activeProfiles = '{}', propertySourceLocations = '{}', propertySourceProperties = '{org.springframework.boot.test.context.SpringBootTestContextBootstrapper=true}', contextCustomizers = set[org.springframework.boot.test.context.filter.ExcludeFilterContextCustomizer@fa49800, org.springframework.boot.test.json.DuplicateJsonObjectContextCustomizerFactory$DuplicateJsonObjectContextCustomizer@16a0ee18, org.springframework.boot.test.mock.mockito.MockitoContextCustomizer@0, org.springframework.boot.test.web.client.TestRestTemplateContextCustomizer@2fb3536e, org.springframework.boot.test.autoconfigure.properties.PropertyMappingContextCustomizer@0, org.springframework.boot.test.autoconfigure.web.servlet.WebDriverContextCustomizerFactory$Customizer@1b2abca6], resourceBasePath = 'src/main/webapp', contextLoader = 'org.springframework.boot.test.context.SpringBootContextLoader', parent = [null]], attributes = map['org.springframework.test.context.web.ServletTestExecutionListener.activateListener' -> true]], class annotated with @DirtiesContext [false] with mode [null].
17:15:25.800 [main] DEBUG org.springframework.test.context.support.TestPropertySourceUtils - Adding inlined properties to environment: {spring.jmx.enabled=false, org.springframework.boot.test.context.SpringBootTestContextBootstrapper=true, server.port=-1}

  ████████▄  ███    █▄  ?█████████▄  ?█████████▄   ▄██████▄  
  ███   ?███ ███    ███   ███    ███   ███    ███ ███    ███ 
  ███    ███ ███    ███   ███    ███   ███    ███ ███    ███ 
  ███    ███ ███    ███  ▄███▄▄▄██?   ▄███▄▄▄██?  ███    ███ 
  ███    ███ ███    ███ ??███???██▄  ??███???██▄  ███    ███ 
  ███    ███ ███    ███   ███    ██▄   ███    ██▄ ███    ███ 
  ███   ▄███ ███    ███   ███    ███   ███    ███ ███    ███ 
  ████████?  ████████?  ▄█████████?  ▄█████████?   ?██████?  
                                                             

 :: Dubbo ::        (v2.6.0)

  .   ____          _            __ _ _
 /\\ / ___'_ __ _ _(_)_ __  __ _ \ \ \ \
( ( )\___ | '_ | '_| | '_ \/ _` | \ \ \ \
 \\/  ___)| |_)| | | | | || (_| |  ) ) ) )
  '  |____| .__|_| |_|_| |_\__, | / / / /
 =========|_|==============|___/=/_/_/_/
 :: Spring Boot ::        (v2.2.2.RELEASE)

2020-06-06 17:15:37.778  INFO 10000 --- [           main] c.xxxx.manager.GoodsCategroyServiceTest  : Starting GoodsCategroyServiceTest on DESKTOP-GS7JE3I with PID 10000 (started by Hello Word in D:\IdeaProjects\shop-teach\shop-manager)
2020-06-06 17:15:37.779  INFO 10000 --- [           main] c.xxxx.manager.GoodsCategroyServiceTest  : The following profiles are active: dev
2020-06-06 17:15:49.067  INFO 10000 --- [           main] .s.d.r.c.RepositoryConfigurationDelegate : Multiple Spring Data modules found, entering strict repository configuration mode!
2020-06-06 17:15:49.091  INFO 10000 --- [           main] .s.d.r.c.RepositoryConfigurationDelegate : Bootstrapping Spring Data Redis repositories in DEFAULT mode.
2020-06-06 17:15:49.530  INFO 10000 --- [           main] .s.d.r.c.RepositoryConfigurationDelegate : Finished Spring Data repository scanning in 138ms. Found 0 Redis repository interfaces.
2020-06-06 17:15:54.818  INFO 10000 --- [           main] trationDelegate$BeanPostProcessorChecker : Bean 'spring.dubbo-com.alibaba.dubbo.spring.boot.DubboProperties' of type [com.alibaba.dubbo.spring.boot.DubboProperties] is not eligible for getting processed by all BeanPostProcessors (for example: not eligible for auto-proxying)
2020-06-06 17:15:54.830  INFO 10000 --- [           main] trationDelegate$BeanPostProcessorChecker : Bean 'org.springframework.transaction.annotation.ProxyTransactionManagementConfiguration' of type [org.springframework.transaction.annotation.ProxyTransactionManagementConfiguration] is not eligible for getting processed by all BeanPostProcessors (for example: not eligible for auto-proxying)
2020-06-06 17:15:55.314  INFO 10000 --- [           main] trationDelegate$BeanPostProcessorChecker : Bean 'com.alibaba.dubbo.spring.boot.DubboConsumerAutoConfiguration' of type [com.alibaba.dubbo.spring.boot.DubboConsumerAutoConfiguration$$EnhancerBySpringCGLIB$$967f3f1d] is not eligible for getting processed by all BeanPostProcessors (for example: not eligible for auto-proxying)
2020-06-06 17:16:08.220  INFO 10000 --- [168.10.100:2181] org.I0Itec.zkclient.ZkEventThread        : Starting ZkClient event thread.
2020-06-06 17:16:17.269  INFO 10000 --- [clientConnector] org.apache.zookeeper.ZooKeeper           : Client environment:zookeeper.version=3.4.13-2d71af4dbe22557fda74f9a9b4309b15a7487f03, built on 06/29/2018 00:39 GMT
2020-06-06 17:16:17.269  INFO 10000 --- [clientConnector] org.apache.zookeeper.ZooKeeper           : Client environment:host.name=DESKTOP-GS7JE3I
2020-06-06 17:16:17.269  INFO 10000 --- [clientConnector] org.apache.zookeeper.ZooKeeper           : Client environment:java.version=11.0.4
2020-06-06 17:16:17.269  INFO 10000 --- [clientConnector] org.apache.zookeeper.ZooKeeper           : Client environment:java.vendor=JetBrains s.r.o
2020-06-06 17:16:17.269  INFO 10000 --- [clientConnector] org.apache.zookeeper.ZooKeeper           : Client environment:java.home=F:\software\IntelliJ IDEA 2019.2.4\jbr
2020-06-06 17:16:17.269  INFO 10000 --- [clientConnector] org.apache.zookeeper.ZooKeeper           : Client environment:java.class.path=D:\IdeaProjects\shop-teach\shop-manager\target\test-classes;D:\IdeaProjects\shop-teach\shop-manager\target\classes;D:\IdeaProjects\shop-teach\shop-common\target\shop-common-1.0-SNAPSHOT.jar;E:\m2\repository\org\springframework\boot\spring-boot-starter-web\2.2.2.RELEASE\spring-boot-starter-web-2.2.2.RELEASE.jar;E:\m2\repository\org\springframework\boot\spring-boot-starter-json\2.2.2.RELEASE\spring-boot-starter-json-2.2.2.RELEASE.jar;E:\m2\repository\com\fasterxml\jackson\core\jackson-databind\2.10.1\jackson-databind-2.10.1.jar;E:\m2\repository\com\fasterxml\jackson\core\jackson-annotations\2.10.1\jackson-annotations-2.10.1.jar;E:\m2\repository\com\fasterxml\jackson\core\jackson-core\2.10.1\jackson-core-2.10.1.jar;E:\m2\repository\com\fasterxml\jackson\datatype\jackson-datatype-jdk8\2.10.1\jackson-datatype-jdk8-2.10.1.jar;E:\m2\repository\com\fasterxml\jackson\datatype\jackson-datatype-jsr310\2.10.1\jackson-datatype-jsr310-2.10.1.jar;E:\m2\repository\com\fasterxml\jackson\module\jackson-module-parameter-names\2.10.1\jackson-module-parameter-names-2.10.1.jar;E:\m2\repository\org\springframework\boot\spring-boot-starter-tomcat\2.2.2.RELEASE\spring-boot-starter-tomcat-2.2.2.RELEASE.jar;E:\m2\repository\org\apache\tomcat\embed\tomcat-embed-core\9.0.29\tomcat-embed-core-9.0.29.jar;E:\m2\repository\org\apache\tomcat\embed\tomcat-embed-el\9.0.29\tomcat-embed-el-9.0.29.jar;E:\m2\repository\org\apache\tomcat\embed\tomcat-embed-websocket\9.0.29\tomcat-embed-websocket-9.0.29.jar;E:\m2\repository\org\springframework\boot\spring-boot-starter-validation\2.2.2.RELEASE\spring-boot-starter-validation-2.2.2.RELEASE.jar;E:\m2\repository\jakarta\validation\jakarta.validation-api\2.0.1\jakarta.validation-api-2.0.1.jar;E:\m2\repository\org\hibernate\validator\hibernate-validator\6.0.18.Final\hibernate-validator-6.0.18.Final.jar;E:\m2\repository\org\jboss\logging\jboss-logging\3.4.1.Final\jboss-logging-3.4.1.Final.jar;E:\m2\repository\com\fasterxml\classmate\1.5.1\classmate-1.5.1.jar;E:\m2\repository\org\springframework\spring-web\5.2.2.RELEASE\spring-web-5.2.2.RELEASE.jar;E:\m2\repository\org\springframework\spring-webmvc\5.2.2.RELEASE\spring-webmvc-5.2.2.RELEASE.jar;E:\m2\repository\org\springframework\spring-expression\5.2.2.RELEASE\spring-expression-5.2.2.RELEASE.jar;E:\m2\repository\com\github\pagehelper\pagehelper-spring-boot-starter\1.2.13\pagehelper-spring-boot-starter-1.2.13.jar;E:\m2\repository\com\github\pagehelper\pagehelper-spring-boot-autoconfigure\1.2.13\pagehelper-spring-boot-autoconfigure-1.2.13.jar;E:\m2\repository\com\github\pagehelper\pagehelper\5.1.11\pagehelper-5.1.11.jar;E:\m2\repository\com\github\jsqlparser\jsqlparser\2.0\jsqlparser-2.0.jar;D:\IdeaProjects\shop-teach\shop-sso\target\shop-sso-1.0-SNAPSHOT.jar;E:\m2\repository\com\alibaba\spring\boot\dubbo-spring-boot-starter\2.0.0\dubbo-spring-boot-starter-2.0.0.jar;E:\m2\repository\com\alibaba\dubbo\2.6.0\dubbo-2.6.0.jar;E:\m2\repository\org\javassist\javassist\3.20.0-GA\javassist-3.20.0-GA.jar;E:\m2\repository\org\jboss\netty\netty\3.2.5.Final\netty-3.2.5.Final.jar;E:\m2\repository\org\springframework\boot\spring-boot-starter-actuator\2.2.2.RELEASE\spring-boot-starter-actuator-2.2.2.RELEASE.jar;E:\m2\repository\org\springframework\boot\spring-boot-actuator-autoconfigure\2.2.2.RELEASE\spring-boot-actuator-autoconfigure-2.2.2.RELEASE.jar;E:\m2\repository\org\springframework\boot\spring-boot-actuator\2.2.2.RELEASE\spring-boot-actuator-2.2.2.RELEASE.jar;E:\m2\repository\io\micrometer\micrometer-core\1.3.1\micrometer-core-1.3.1.jar;E:\m2\repository\org\hdrhistogram\HdrHistogram\2.1.11\HdrHistogram-2.1.11.jar;E:\m2\repository\org\latencyutils\LatencyUtils\2.0.3\LatencyUtils-2.0.3.jar;E:\m2\repository\com\101tec\zkclient\0.11\zkclient-0.11.jar;E:\m2\repository\org\apache\zookeeper\zookeeper\3.4.13\zookeeper-3.4.13.jar;E:\m2\repository\log4j\log4j\1.2.17\log4j-1.2.17.jar;E:\m2\repository\jline\jline\0.9.94\jline-0.9.94.jar;E:\m2\repository\org\apache\yetus\audience-annotations\0.5.0\audience-annotations-0.5.0.jar;E:\m2\repository\io\netty\netty\3.10.6.Final\netty-3.10.6.Final.jar;E:\m2\repository\org\slf4j\slf4j-api\1.7.29\slf4j-api-1.7.29.jar;E:\m2\repository\org\springframework\boot\spring-boot-starter-freemarker\2.2.2.RELEASE\spring-boot-starter-freemarker-2.2.2.RELEASE.jar;E:\m2\repository\org\springframework\boot\spring-boot-starter\2.2.2.RELEASE\spring-boot-starter-2.2.2.RELEASE.jar;E:\m2\repository\org\springframework\boot\spring-boot\2.2.2.RELEASE\spring-boot-2.2.2.RELEASE.jar;E:\m2\repository\org\springframework\boot\spring-boot-autoconfigure\2.2.2.RELEASE\spring-boot-autoconfigure-2.2.2.RELEASE.jar;E:\m2\repository\org\springframework\boot\spring-boot-starter-logging\2.2.2.RELEASE\spring-boot-starter-logging-2.2.2.RELEASE.jar;E:\m2\repository\ch\qos\logback\logback-classic\1.2.3\logback-classic-1.2.3.jar;E:\m2\repository\ch\qos\logback\logback-core\1.2.3\logback-core-1.2.3.jar;E:\m2\repository\org\apache\logging\log4j\log4j-to-slf4j\2.12.1\log4j-to-slf4j-2.12.1.jar;E:\m2\repository\org\apache\logging\log4j\log4j-api\2.12.1\log4j-api-2.12.1.jar;E:\m2\repository\org\slf4j\jul-to-slf4j\1.7.29\jul-to-slf4j-1.7.29.jar;E:\m2\repository\jakarta\annotation\jakarta.annotation-api\1.3.5\jakarta.annotation-api-1.3.5.jar;E:\m2\repository\org\yaml\snakeyaml\1.25\snakeyaml-1.25.jar;E:\m2\repository\org\freemarker\freemarker\2.3.29\freemarker-2.3.29.jar;E:\m2\repository\org\springframework\spring-context-support\5.2.2.RELEASE\spring-context-support-5.2.2.RELEASE.jar;E:\m2\repository\org\springframework\spring-beans\5.2.2.RELEASE\spring-beans-5.2.2.RELEASE.jar;E:\m2\repository\org\springframework\spring-context\5.2.2.RELEASE\spring-context-5.2.2.RELEASE.jar;E:\m2\repository\org\mybatis\spring\boot\mybatis-spring-boot-starter\2.1.1\mybatis-spring-boot-starter-2.1.1.jar;E:\m2\repository\org\springframework\boot\spring-boot-starter-jdbc\2.2.2.RELEASE\spring-boot-starter-jdbc-2.2.2.RELEASE.jar;E:\m2\repository\com\zaxxer\HikariCP\3.4.1\HikariCP-3.4.1.jar;E:\m2\repository\org\springframework\spring-jdbc\5.2.2.RELEASE\spring-jdbc-5.2.2.RELEASE.jar;E:\m2\repository\org\mybatis\spring\boot\mybatis-spring-boot-autoconfigure\2.1.1\mybatis-spring-boot-autoconfigure-2.1.1.jar;E:\m2\repository\org\mybatis\mybatis\3.5.3\mybatis-3.5.3.jar;E:\m2\repository\org\mybatis\mybatis-spring\2.0.3\mybatis-spring-2.0.3.jar;E:\m2\repository\mysql\mysql-connector-java\8.0.18\mysql-connector-java-8.0.18.jar;E:\m2\repository\com\google\protobuf\protobuf-java\3.6.1\protobuf-java-3.6.1.jar;E:\m2\repository\com\alibaba\druid\1.1.20\druid-1.1.20.jar;E:\m2\repository\org\springframework\boot\spring-boot-starter-test\2.2.2.RELEASE\spring-boot-starter-test-2.2.2.RELEASE.jar;E:\m2\repository\org\springframework\boot\spring-boot-test\2.2.2.RELEASE\spring-boot-test-2.2.2.RELEASE.jar;E:\m2\repository\org\springframework\boot\spring-boot-test-autoconfigure\2.2.2.RELEASE\spring-boot-test-autoconfigure-2.2.2.RELEASE.jar;E:\m2\repository\com\jayway\jsonpath\json-path\2.4.0\json-path-2.4.0.jar;E:\m2\repository\net\minidev\json-smart\2.3\json-smart-2.3.jar;E:\m2\repository\net\minidev\accessors-smart\1.2\accessors-smart-1.2.jar;E:\m2\repository\org\ow2\asm\asm\5.0.4\asm-5.0.4.jar;E:\m2\repository\jakarta\xml\bind\jakarta.xml.bind-api\2.3.2\jakarta.xml.bind-api-2.3.2.jar;E:\m2\repository\jakarta\activation\jakarta.activation-api\1.2.1\jakarta.activation-api-1.2.1.jar;E:\m2\repository\org\junit\jupiter\junit-jupiter\5.5.2\junit-jupiter-5.5.2.jar;E:\m2\repository\org\junit\jupiter\junit-jupiter-api\5.5.2\junit-jupiter-api-5.5.2.jar;E:\m2\repository\org\apiguardian\apiguardian-api\1.1.0\apiguardian-api-1.1.0.jar;E:\m2\repository\org\opentest4j\opentest4j\1.2.0\opentest4j-1.2.0.jar;E:\m2\repository\org\junit\platform\junit-platform-commons\1.5.2\junit-platform-commons-1.5.2.jar;E:\m2\repository\org\junit\jupiter\junit-jupiter-params\5.5.2\junit-jupiter-params-5.5.2.jar;E:\m2\repository\org\junit\jupiter\junit-jupiter-engine\5.5.2\junit-jupiter-engine-5.5.2.jar;E:\m2\repository\org\junit\platform\junit-platform-engine\1.5.2\junit-platform-engine-1.5.2.jar;E:\m2\repository\org\mockito\mockito-junit-jupiter\3.1.0\mockito-junit-jupiter-3.1.0.jar;E:\m2\repository\org\assertj\assertj-core\3.13.2\assertj-core-3.13.2.jar;E:\m2\repository\org\hamcrest\hamcrest\2.1\hamcrest-2.1.jar;E:\m2\repository\org\mockito\mockito-core\3.1.0\mockito-core-3.1.0.jar;E:\m2\repository\net\bytebuddy\byte-buddy\1.10.4\byte-buddy-1.10.4.jar;E:\m2\repository\net\bytebuddy\byte-buddy-agent\1.10.4\byte-buddy-agent-1.10.4.jar;E:\m2\repository\org\objenesis\objenesis\2.6\objenesis-2.6.jar;E:\m2\repository\org\skyscreamer\jsonassert\1.5.0\jsonassert-1.5.0.jar;E:\m2\repository\com\vaadin\external\google\android-json\0.0.20131108.vaadin1\android-json-0.0.20131108.vaadin1.jar;E:\m2\repository\org\springframework\spring-core\5.2.2.RELEASE\spring-core-5.2.2.RELEASE.jar;E:\m2\repository\org\springframework\spring-jcl\5.2.2.RELEASE\spring-jcl-5.2.2.RELEASE.jar;E:\m2\repository\org\springframework\spring-test\5.2.2.RELEASE\spring-test-5.2.2.RELEASE.jar;E:\m2\repository\org\xmlunit\xmlunit-core\2.6.3\xmlunit-core-2.6.3.jar;E:\m2\repository\com\qiniu\qiniu-java-sdk\7.2.29\qiniu-java-sdk-7.2.29.jar;E:\m2\repository\com\squareup\okhttp3\okhttp\3.14.4\okhttp-3.14.4.jar;E:\m2\repository\com\squareup\okio\okio\1.17.2\okio-1.17.2.jar;E:\m2\repository\com\google\code\gson\gson\2.8.6\gson-2.8.6.jar;E:\m2\repository\org\springframework\boot\spring-boot-starter-data-redis\2.2.2.RELEASE\spring-boot-starter-data-redis-2.2.2.RELEASE.jar;E:\m2\repository\org\springframework\data\spring-data-redis\2.2.3.RELEASE\spring-data-redis-2.2.3.RELEASE.jar;E:\m2\repository\org\springframework\data\spring-data-keyvalue\2.2.3.RELEASE\spring-data-keyvalue-2.2.3.RELEASE.jar;E:\m2\repository\org\springframework\data\spring-data-commons\2.2.3.RELEASE\spring-data-commons-2.2.3.RELEASE.jar;E:\m2\repository\org\springframework\spring-tx\5.2.2.RELEASE\spring-tx-5.2.2.RELEASE.jar;E:\m2\repository\org\springframework\spring-oxm\5.2.2.RELEASE\spring-oxm-5.2.2.RELEASE.jar;E:\m2\repository\org\springframework\spring-aop\5.2.2.RELEASE\spring-aop-5.2.2.RELEASE.jar;E:\m2\repository\io\lettuce\lettuce-core\5.2.1.RELEASE\lettuce-core-5.2.1.RELEASE.jar;E:\m2\repository\io\netty\netty-common\4.1.43.Final\netty-common-4.1.43.Final.jar;E:\m2\repository\io\netty\netty-handler\4.1.43.Final\netty-handler-4.1.43.Final.jar;E:\m2\repository\io\netty\netty-buffer\4.1.43.Final\netty-buffer-4.1.43.Final.jar;E:\m2\repository\io\netty\netty-codec\4.1.43.Final\netty-codec-4.1.43.Final.jar;E:\m2\repository\io\netty\netty-transport\4.1.43.Final\netty-transport-4.1.43.Final.jar;E:\m2\repository\io\netty\netty-resolver\4.1.43.Final\netty-resolver-4.1.43.Final.jar;E:\m2\repository\io\projectreactor\reactor-core\3.3.1.RELEASE\reactor-core-3.3.1.RELEASE.jar;E:\m2\repository\org\reactivestreams\reactive-streams\1.0.3\reactive-streams-1.0.3.jar;E:\m2\repository\org\apache\commons\commons-pool2\2.7.0\commons-pool2-2.7.0.jar;E:\m2\repository\com\github\axet\kaptcha\0.0.9\kaptcha-0.0.9.jar;E:\m2\repository\com\jhlabs\filters\2.0.235\filters-2.0.235.jar;
2020-06-06 17:16:17.272  INFO 10000 --- [clientConnector] org.apache.zookeeper.ZooKeeper           : Client environment:java.library.path=F:\software\IntelliJ IDEA 2019.2.4\jbr\bin;C:\WINDOWS\Sun\Java\bin;C:\WINDOWS\system32;C:\WINDOWS;D:\NetSarang\Xftp6\;E:\oracle\app\oracle\product\11.2.0\server\bin;F:\Java\jdk1.8.0_131\bin;F:\java10\jdk-10.0.2\bin;C:\WINDOWS\system32;C:\WINDOWS;C:\WINDOWS\System32\Wbem;C:\WINDOWS\System32\WindowsPowerShell\v1.0\;C:\WINDOWS\System32\OpenSSH\;C:\Program Files\MySQL\MySQL Server 5.7\bin;F:\software\install\VisualSVN Server\bin;F:\software\install\TortoiseSVN\bin;F:\software\apache-maven-3.6.3\bin;F:\software\Git\cmd;F:\software\erl10.2\bin;;.
2020-06-06 17:16:17.272  INFO 10000 --- [clientConnector] org.apache.zookeeper.ZooKeeper           : Client environment:java.io.tmpdir=C:\Users\HELLOW~1\AppData\Local\Temp\
2020-06-06 17:16:17.272  INFO 10000 --- [clientConnector] org.apache.zookeeper.ZooKeeper           : Client environment:java.compiler=<NA>
2020-06-06 17:16:17.272  INFO 10000 --- [clientConnector] org.apache.zookeeper.ZooKeeper           : Client environment:os.name=Windows 10
2020-06-06 17:16:17.272  INFO 10000 --- [clientConnector] org.apache.zookeeper.ZooKeeper           : Client environment:os.arch=amd64
2020-06-06 17:16:17.272  INFO 10000 --- [clientConnector] org.apache.zookeeper.ZooKeeper           : Client environment:os.version=10.0
2020-06-06 17:16:17.272  INFO 10000 --- [clientConnector] org.apache.zookeeper.ZooKeeper           : Client environment:user.name=Hello Word
2020-06-06 17:16:17.272  INFO 10000 --- [clientConnector] org.apache.zookeeper.ZooKeeper           : Client environment:user.home=C:\Users\Hello Word
2020-06-06 17:16:17.272  INFO 10000 --- [clientConnector] org.apache.zookeeper.ZooKeeper           : Client environment:user.dir=D:\IdeaProjects\shop-teach\shop-manager
2020-06-06 17:16:17.273  INFO 10000 --- [clientConnector] org.apache.zookeeper.ZooKeeper           : Initiating client connection, connectString=192.168.10.100:2181 sessionTimeout=30000 watcher=org.I0Itec.zkclient.ZkClient@58712c2b
2020-06-06 17:16:17.329  INFO 10000 --- [clientConnector] org.I0Itec.zkclient.ZkClient             : Waiting for keeper state SyncConnected
2020-06-06 17:16:26.445  INFO 10000 --- [68.10.100:2181)] org.apache.zookeeper.ClientCnxn          : Opening socket connection to server 192.168.10.100/192.168.10.100:2181. Will not attempt to authenticate using SASL (unknown error)
2020-06-06 17:16:26.447  INFO 10000 --- [68.10.100:2181)] org.apache.zookeeper.ClientCnxn          : Socket connection established to 192.168.10.100/192.168.10.100:2181, initiating session
2020-06-06 17:16:26.474  INFO 10000 --- [68.10.100:2181)] org.apache.zookeeper.ClientCnxn          : Session establishment complete on server 192.168.10.100/192.168.10.100:2181, sessionid = 0x10000038b710006, negotiated timeout = 30000
2020-06-06 17:16:26.476  INFO 10000 --- [tor-EventThread] org.I0Itec.zkclient.ZkClient             : zookeeper state changed (SyncConnected)
2020-06-06 17:16:26.581  WARN 10000 --- [           main] o.s.w.c.s.GenericWebApplicationContext   : Exception encountered during context initialization - cancelling refresh attempt: org.springframework.beans.factory.BeanCreationException: Error creating bean with name 'userController' defined in file [D:\IdeaProjects\shop-teach\shop-manager\target\classes\com\xxxx\manager\controller\UserController.class]: Initialization of bean failed; nested exception is org.springframework.beans.factory.BeanCreationException: userController; nested exception is java.lang.IllegalStateException: Failed to check the status of the service com.xxxx.sso.service.SsoService. No provider available for the service com.xxxx.sso.service.SsoService from the url zookeeper://192.168.10.100:2181/com.alibaba.dubbo.registry.RegistryService?application=rpc-consumer&dubbo=2.6.0&interface=com.xxxx.sso.service.SsoService&methods=logout,login,validate&pid=10000&register.ip=192.168.10.1&revision=1.0-SNAPSHOT&side=consumer&timestamp=1591434968048 to the consumer 192.168.10.1 use dubbo version 2.6.0
2020-06-06 17:16:26.726  INFO 10000 --- [           main] com.alibaba.druid.pool.DruidDataSource   : {dataSource-0} closing ...
2020-06-06 17:16:26.742  INFO 10000 --- [           main] ConditionEvaluationReportLoggingListener : 

Error starting ApplicationContext. To display the conditions report re-run your application with 'debug' enabled.
2020-06-06 17:16:26.806 ERROR 10000 --- [           main] o.s.boot.SpringApplication               : Application run failed

org.springframework.beans.factory.BeanCreationException: Error creating bean with name 'userController' defined in file [D:\IdeaProjects\shop-teach\shop-manager\target\classes\com\xxxx\manager\controller\UserController.class]: Initialization of bean failed; nested exception is org.springframework.beans.factory.BeanCreationException: userController; nested exception is java.lang.IllegalStateException: Failed to check the status of the service com.xxxx.sso.service.SsoService. No provider available for the service com.xxxx.sso.service.SsoService from the url zookeeper://192.168.10.100:2181/com.alibaba.dubbo.registry.RegistryService?application=rpc-consumer&dubbo=2.6.0&interface=com.xxxx.sso.service.SsoService&methods=logout,login,validate&pid=10000&register.ip=192.168.10.1&revision=1.0-SNAPSHOT&side=consumer&timestamp=1591434968048 to the consumer 192.168.10.1 use dubbo version 2.6.0
	at org.springframework.beans.factory.support.AbstractAutowireCapableBeanFactory.doCreateBean(AbstractAutowireCapableBeanFactory.java:603) ~[spring-beans-5.2.2.RELEASE.jar:5.2.2.RELEASE]
	at org.springframework.beans.factory.support.AbstractAutowireCapableBeanFactory.createBean(AbstractAutowireCapableBeanFactory.java:517) ~[spring-beans-5.2.2.RELEASE.jar:5.2.2.RELEASE]
	at org.springframework.beans.factory.support.AbstractBeanFactory.lambda$doGetBean$0(AbstractBeanFactory.java:323) ~[spring-beans-5.2.2.RELEASE.jar:5.2.2.RELEASE]
	at org.springframework.beans.factory.support.DefaultSingletonBeanRegistry.getSingleton(DefaultSingletonBeanRegistry.java:222) ~[spring-beans-5.2.2.RELEASE.jar:5.2.2.RELEASE]
	at org.springframework.beans.factory.support.AbstractBeanFactory.doGetBean(AbstractBeanFactory.java:321) ~[spring-beans-5.2.2.RELEASE.jar:5.2.2.RELEASE]
	at org.springframework.beans.factory.support.AbstractBeanFactory.getBean(AbstractBeanFactory.java:202) ~[spring-beans-5.2.2.RELEASE.jar:5.2.2.RELEASE]
	at org.springframework.beans.factory.support.DefaultListableBeanFactory.preInstantiateSingletons(DefaultListableBeanFactory.java:879) ~[spring-beans-5.2.2.RELEASE.jar:5.2.2.RELEASE]
	at org.springframework.context.support.AbstractApplicationContext.finishBeanFactoryInitialization(AbstractApplicationContext.java:878) ~[spring-context-5.2.2.RELEASE.jar:5.2.2.RELEASE]
	at org.springframework.context.support.AbstractApplicationContext.refresh(AbstractApplicationContext.java:550) ~[spring-context-5.2.2.RELEASE.jar:5.2.2.RELEASE]
	at org.springframework.boot.SpringApplication.refresh(SpringApplication.java:747) ~[spring-boot-2.2.2.RELEASE.jar:2.2.2.RELEASE]
	at org.springframework.boot.SpringApplication.refreshContext(SpringApplication.java:397) ~[spring-boot-2.2.2.RELEASE.jar:2.2.2.RELEASE]
	at org.springframework.boot.SpringApplication.run(SpringApplication.java:315) ~[spring-boot-2.2.2.RELEASE.jar:2.2.2.RELEASE]
	at org.springframework.boot.test.context.SpringBootContextLoader.loadContext(SpringBootContextLoader.java:125) ~[spring-boot-test-2.2.2.RELEASE.jar:2.2.2.RELEASE]
	at org.springframework.test.context.cache.DefaultCacheAwareContextLoaderDelegate.loadContextInternal(DefaultCacheAwareContextLoaderDelegate.java:99) ~[spring-test-5.2.2.RELEASE.jar:5.2.2.RELEASE]
	at org.springframework.test.context.cache.DefaultCacheAwareContextLoaderDelegate.loadContext(DefaultCacheAwareContextLoaderDelegate.java:124) ~[spring-test-5.2.2.RELEASE.jar:5.2.2.RELEASE]
	at org.springframework.test.context.support.DefaultTestContext.getApplicationContext(DefaultTestContext.java:123) ~[spring-test-5.2.2.RELEASE.jar:5.2.2.RELEASE]
	at org.springframework.test.context.web.ServletTestExecutionListener.setUpRequestContextIfNecessary(ServletTestExecutionListener.java:190) ~[spring-test-5.2.2.RELEASE.jar:5.2.2.RELEASE]
	at org.springframework.test.context.web.ServletTestExecutionListener.prepareTestInstance(ServletTestExecutionListener.java:132) ~[spring-test-5.2.2.RELEASE.jar:5.2.2.RELEASE]
	at org.springframework.test.context.TestContextManager.prepareTestInstance(TestContextManager.java:244) ~[spring-test-5.2.2.RELEASE.jar:5.2.2.RELEASE]
	at org.springframework.test.context.junit.jupiter.SpringExtension.postProcessTestInstance(SpringExtension.java:98) ~[spring-test-5.2.2.RELEASE.jar:5.2.2.RELEASE]
	at org.junit.jupiter.engine.descriptor.ClassBasedTestDescriptor.lambda$invokeTestInstancePostProcessors$5(ClassBasedTestDescriptor.java:337) ~[junit-jupiter-engine-5.5.2.jar:5.5.2]
	at org.junit.jupiter.engine.descriptor.ClassBasedTestDescriptor.executeAndMaskThrowable(ClassBasedTestDescriptor.java:342) ~[junit-jupiter-engine-5.5.2.jar:5.5.2]
	at org.junit.jupiter.engine.descriptor.ClassBasedTestDescriptor.lambda$invokeTestInstancePostProcessors$6(ClassBasedTestDescriptor.java:337) ~[junit-jupiter-engine-5.5.2.jar:5.5.2]
	at java.base/java.util.stream.ReferencePipeline$3$1.accept(ReferencePipeline.java:195) ~[na:na]
	at java.base/java.util.stream.ReferencePipeline$2$1.accept(ReferencePipeline.java:177) ~[na:na]
	at java.base/java.util.ArrayList$ArrayListSpliterator.forEachRemaining(ArrayList.java:1654) ~[na:na]
	at java.base/java.util.stream.AbstractPipeline.copyInto(AbstractPipeline.java:484) ~[na:na]
	at java.base/java.util.stream.AbstractPipeline.wrapAndCopyInto(AbstractPipeline.java:474) ~[na:na]
	at java.base/java.util.stream.StreamSpliterators$WrappingSpliterator.forEachRemaining(StreamSpliterators.java:312) ~[na:na]
	at java.base/java.util.stream.Streams$ConcatSpliterator.forEachRemaining(Streams.java:735) ~[na:na]
	at java.base/java.util.stream.Streams$ConcatSpliterator.forEachRemaining(Streams.java:734) ~[na:na]
	at java.base/java.util.stream.ReferencePipeline$Head.forEach(ReferencePipeline.java:658) ~[na:na]
	at org.junit.jupiter.engine.descriptor.ClassBasedTestDescriptor.invokeTestInstancePostProcessors(ClassBasedTestDescriptor.java:336) ~[junit-jupiter-engine-5.5.2.jar:5.5.2]
	at org.junit.jupiter.engine.descriptor.ClassBasedTestDescriptor.instantiateAndPostProcessTestInstance(ClassBasedTestDescriptor.java:259) ~[junit-jupiter-engine-5.5.2.jar:5.5.2]
	at org.junit.jupiter.engine.descriptor.ClassBasedTestDescriptor.lambda$testInstancesProvider$2(ClassBasedTestDescriptor.java:252) ~[junit-jupiter-engine-5.5.2.jar:5.5.2]
	at java.base/java.util.Optional.orElseGet(Optional.java:369) ~[na:na]
	at org.junit.jupiter.engine.descriptor.ClassBasedTestDescriptor.lambda$testInstancesProvider$3(ClassBasedTestDescriptor.java:251) ~[junit-jupiter-engine-5.5.2.jar:5.5.2]
	at org.junit.jupiter.engine.execution.TestInstancesProvider.getTestInstances(TestInstancesProvider.java:29) ~[junit-jupiter-engine-5.5.2.jar:5.5.2]
	at org.junit.jupiter.engine.descriptor.TestMethodTestDescriptor.lambda$prepare$0(TestMethodTestDescriptor.java:106) ~[junit-jupiter-engine-5.5.2.jar:5.5.2]
	at org.junit.platform.engine.support.hierarchical.ThrowableCollector.execute(ThrowableCollector.java:73) ~[junit-platform-engine-1.5.2.jar:1.5.2]
	at org.junit.jupiter.engine.descriptor.TestMethodTestDescriptor.prepare(TestMethodTestDescriptor.java:105) ~[junit-jupiter-engine-5.5.2.jar:5.5.2]
	at org.junit.jupiter.engine.descriptor.TestMethodTestDescriptor.prepare(TestMethodTestDescriptor.java:69) ~[junit-jupiter-engine-5.5.2.jar:5.5.2]
	at org.junit.platform.engine.support.hierarchical.NodeTestTask.lambda$prepare$1(NodeTestTask.java:107) ~[junit-platform-engine-1.5.2.jar:1.5.2]
	at org.junit.platform.engine.support.hierarchical.ThrowableCollector.execute(ThrowableCollector.java:73) ~[junit-platform-engine-1.5.2.jar:1.5.2]
	at org.junit.platform.engine.support.hierarchical.NodeTestTask.prepare(NodeTestTask.java:107) ~[junit-platform-engine-1.5.2.jar:1.5.2]
	at org.junit.platform.engine.support.hierarchical.NodeTestTask.execute(NodeTestTask.java:75) ~[junit-platform-engine-1.5.2.jar:1.5.2]
	at java.base/java.util.ArrayList.forEach(ArrayList.java:1540) ~[na:na]
	at org.junit.platform.engine.support.hierarchical.SameThreadHierarchicalTestExecutorService.invokeAll(SameThreadHierarchicalTestExecutorService.java:38) ~[junit-platform-engine-1.5.2.jar:1.5.2]
	at org.junit.platform.engine.support.hierarchical.NodeTestTask.lambda$executeRecursively$5(NodeTestTask.java:139) ~[junit-platform-engine-1.5.2.jar:1.5.2]
	at org.junit.platform.engine.support.hierarchical.ThrowableCollector.execute(ThrowableCollector.java:73) ~[junit-platform-engine-1.5.2.jar:1.5.2]
	at org.junit.platform.engine.support.hierarchical.NodeTestTask.lambda$executeRecursively$7(NodeTestTask.java:125) ~[junit-platform-engine-1.5.2.jar:1.5.2]
	at org.junit.platform.engine.support.hierarchical.Node.around(Node.java:135) ~[junit-platform-engine-1.5.2.jar:1.5.2]
	at org.junit.platform.engine.support.hierarchical.NodeTestTask.lambda$executeRecursively$8(NodeTestTask.java:123) ~[junit-platform-engine-1.5.2.jar:1.5.2]
	at org.junit.platform.engine.support.hierarchical.ThrowableCollector.execute(ThrowableCollector.java:73) ~[junit-platform-engine-1.5.2.jar:1.5.2]
	at org.junit.platform.engine.support.hierarchical.NodeTestTask.executeRecursively(NodeTestTask.java:122) ~[junit-platform-engine-1.5.2.jar:1.5.2]
	at org.junit.platform.engine.support.hierarchical.NodeTestTask.execute(NodeTestTask.java:80) ~[junit-platform-engine-1.5.2.jar:1.5.2]
	at java.base/java.util.ArrayList.forEach(ArrayList.java:1540) ~[na:na]
	at org.junit.platform.engine.support.hierarchical.SameThreadHierarchicalTestExecutorService.invokeAll(SameThreadHierarchicalTestExecutorService.java:38) ~[junit-platform-engine-1.5.2.jar:1.5.2]
	at org.junit.platform.engine.support.hierarchical.NodeTestTask.lambda$executeRecursively$5(NodeTestTask.java:139) ~[junit-platform-engine-1.5.2.jar:1.5.2]
	at org.junit.platform.engine.support.hierarchical.ThrowableCollector.execute(ThrowableCollector.java:73) ~[junit-platform-engine-1.5.2.jar:1.5.2]
	at org.junit.platform.engine.support.hierarchical.NodeTestTask.lambda$executeRecursively$7(NodeTestTask.java:125) ~[junit-platform-engine-1.5.2.jar:1.5.2]
	at org.junit.platform.engine.support.hierarchical.Node.around(Node.java:135) ~[junit-platform-engine-1.5.2.jar:1.5.2]
	at org.junit.platform.engine.support.hierarchical.NodeTestTask.lambda$executeRecursively$8(NodeTestTask.java:123) ~[junit-platform-engine-1.5.2.jar:1.5.2]
	at org.junit.platform.engine.support.hierarchical.ThrowableCollector.execute(ThrowableCollector.java:73) ~[junit-platform-engine-1.5.2.jar:1.5.2]
	at org.junit.platform.engine.support.hierarchical.NodeTestTask.executeRecursively(NodeTestTask.java:122) ~[junit-platform-engine-1.5.2.jar:1.5.2]
	at org.junit.platform.engine.support.hierarchical.NodeTestTask.execute(NodeTestTask.java:80) ~[junit-platform-engine-1.5.2.jar:1.5.2]
	at org.junit.platform.engine.support.hierarchical.SameThreadHierarchicalTestExecutorService.submit(SameThreadHierarchicalTestExecutorService.java:32) ~[junit-platform-engine-1.5.2.jar:1.5.2]
	at org.junit.platform.engine.support.hierarchical.HierarchicalTestExecutor.execute(HierarchicalTestExecutor.java:57) ~[junit-platform-engine-1.5.2.jar:1.5.2]
	at org.junit.platform.engine.support.hierarchical.HierarchicalTestEngine.execute(HierarchicalTestEngine.java:51) ~[junit-platform-engine-1.5.2.jar:1.5.2]
	at org.junit.platform.launcher.core.DefaultLauncher.execute(DefaultLauncher.java:220) ~[junit-platform-launcher-1.3.1.jar:1.3.1]
	at org.junit.platform.launcher.core.DefaultLauncher.lambda$execute$6(DefaultLauncher.java:188) ~[junit-platform-launcher-1.3.1.jar:1.3.1]
	at org.junit.platform.launcher.core.DefaultLauncher.withInterceptedStreams(DefaultLauncher.java:202) ~[junit-platform-launcher-1.3.1.jar:1.3.1]
	at org.junit.platform.launcher.core.DefaultLauncher.execute(DefaultLauncher.java:181) ~[junit-platform-launcher-1.3.1.jar:1.3.1]
	at org.junit.platform.launcher.core.DefaultLauncher.execute(DefaultLauncher.java:128) ~[junit-platform-launcher-1.3.1.jar:1.3.1]
	at org.apache.maven.surefire.junitplatform.JUnitPlatformProvider.invokeAllTests(JUnitPlatformProvider.java:150) ~[surefire-junit-platform-2.22.2.jar:2.22.2]
	at org.apache.maven.surefire.junitplatform.JUnitPlatformProvider.invoke(JUnitPlatformProvider.java:124) ~[surefire-junit-platform-2.22.2.jar:2.22.2]
	at org.apache.maven.surefire.booter.ForkedBooter.invokeProviderInSameClassLoader(ForkedBooter.java:384) ~[surefire-booter-2.22.2.jar:2.22.2]
	at org.apache.maven.surefire.booter.ForkedBooter.runSuitesInProcess(ForkedBooter.java:345) ~[surefire-booter-2.22.2.jar:2.22.2]
	at org.apache.maven.surefire.booter.ForkedBooter.execute(ForkedBooter.java:126) ~[surefire-booter-2.22.2.jar:2.22.2]
	at org.apache.maven.surefire.booter.ForkedBooter.main(ForkedBooter.java:418) ~[surefire-booter-2.22.2.jar:2.22.2]
Caused by: org.springframework.beans.factory.BeanCreationException: userController; nested exception is java.lang.IllegalStateException: Failed to check the status of the service com.xxxx.sso.service.SsoService. No provider available for the service com.xxxx.sso.service.SsoService from the url zookeeper://192.168.10.100:2181/com.alibaba.dubbo.registry.RegistryService?application=rpc-consumer&dubbo=2.6.0&interface=com.xxxx.sso.service.SsoService&methods=logout,login,validate&pid=10000&register.ip=192.168.10.1&revision=1.0-SNAPSHOT&side=consumer&timestamp=1591434968048 to the consumer 192.168.10.1 use dubbo version 2.6.0
	at com.alibaba.dubbo.spring.boot.DubboConsumerAutoConfiguration$1.postProcessBeforeInitialization(DubboConsumerAutoConfiguration.java:100) ~[dubbo-spring-boot-starter-2.0.0.jar:na]
	at org.springframework.beans.factory.support.AbstractAutowireCapableBeanFactory.applyBeanPostProcessorsBeforeInitialization(AbstractAutowireCapableBeanFactory.java:416) ~[spring-beans-5.2.2.RELEASE.jar:5.2.2.RELEASE]
	at org.springframework.beans.factory.support.AbstractAutowireCapableBeanFactory.initializeBean(AbstractAutowireCapableBeanFactory.java:1788) ~[spring-beans-5.2.2.RELEASE.jar:5.2.2.RELEASE]
	at org.springframework.beans.factory.support.AbstractAutowireCapableBeanFactory.doCreateBean(AbstractAutowireCapableBeanFactory.java:595) ~[spring-beans-5.2.2.RELEASE.jar:5.2.2.RELEASE]
	... 79 common frames omitted
Caused by: java.lang.IllegalStateException: Failed to check the status of the service com.xxxx.sso.service.SsoService. No provider available for the service com.xxxx.sso.service.SsoService from the url zookeeper://192.168.10.100:2181/com.alibaba.dubbo.registry.RegistryService?application=rpc-consumer&dubbo=2.6.0&interface=com.xxxx.sso.service.SsoService&methods=logout,login,validate&pid=10000&register.ip=192.168.10.1&revision=1.0-SNAPSHOT&side=consumer&timestamp=1591434968048 to the consumer 192.168.10.1 use dubbo version 2.6.0
	at com.alibaba.dubbo.config.ReferenceConfig.createProxy(ReferenceConfig.java:422) ~[dubbo-2.6.0.jar:2.6.0]
	at com.alibaba.dubbo.config.ReferenceConfig.init(ReferenceConfig.java:333) ~[dubbo-2.6.0.jar:2.6.0]
	at com.alibaba.dubbo.config.ReferenceConfig.get(ReferenceConfig.java:163) ~[dubbo-2.6.0.jar:2.6.0]
	at com.alibaba.dubbo.config.spring.ReferenceBean.getObject(ReferenceBean.java:59) ~[dubbo-2.6.0.jar:2.6.0]
	at com.alibaba.dubbo.spring.boot.DubboConsumerAutoConfiguration$1.postProcessBeforeInitialization(DubboConsumerAutoConfiguration.java:89) ~[dubbo-spring-boot-starter-2.0.0.jar:na]
	... 82 common frames omitted

2020-06-06 17:16:26.810 ERROR 10000 --- [           main] o.s.test.context.TestContextManager      : Caught exception while allowing TestExecutionListener [org.springframework.test.context.web.ServletTestExecutionListener@6f44a157] to prepare test instance [com.xxxx.manager.GoodsCategroyServiceTest@596afb2f]

java.lang.IllegalStateException: Failed to load ApplicationContext
	at org.springframework.test.context.cache.DefaultCacheAwareContextLoaderDelegate.loadContext(DefaultCacheAwareContextLoaderDelegate.java:132) ~[spring-test-5.2.2.RELEASE.jar:5.2.2.RELEASE]
	at org.springframework.test.context.support.DefaultTestContext.getApplicationContext(DefaultTestContext.java:123) ~[spring-test-5.2.2.RELEASE.jar:5.2.2.RELEASE]
	at org.springframework.test.context.web.ServletTestExecutionListener.setUpRequestContextIfNecessary(ServletTestExecutionListener.java:190) ~[spring-test-5.2.2.RELEASE.jar:5.2.2.RELEASE]
	at org.springframework.test.context.web.ServletTestExecutionListener.prepareTestInstance(ServletTestExecutionListener.java:132) ~[spring-test-5.2.2.RELEASE.jar:5.2.2.RELEASE]
	at org.springframework.test.context.TestContextManager.prepareTestInstance(TestContextManager.java:244) ~[spring-test-5.2.2.RELEASE.jar:5.2.2.RELEASE]
	at org.springframework.test.context.junit.jupiter.SpringExtension.postProcessTestInstance(SpringExtension.java:98) ~[spring-test-5.2.2.RELEASE.jar:5.2.2.RELEASE]
	at org.junit.jupiter.engine.descriptor.ClassBasedTestDescriptor.lambda$invokeTestInstancePostProcessors$5(ClassBasedTestDescriptor.java:337) ~[junit-jupiter-engine-5.5.2.jar:5.5.2]
	at org.junit.jupiter.engine.descriptor.ClassBasedTestDescriptor.executeAndMaskThrowable(ClassBasedTestDescriptor.java:342) ~[junit-jupiter-engine-5.5.2.jar:5.5.2]
	at org.junit.jupiter.engine.descriptor.ClassBasedTestDescriptor.lambda$invokeTestInstancePostProcessors$6(ClassBasedTestDescriptor.java:337) ~[junit-jupiter-engine-5.5.2.jar:5.5.2]
	at java.base/java.util.stream.ReferencePipeline$3$1.accept(ReferencePipeline.java:195) ~[na:na]
	at java.base/java.util.stream.ReferencePipeline$2$1.accept(ReferencePipeline.java:177) ~[na:na]
	at java.base/java.util.ArrayList$ArrayListSpliterator.forEachRemaining(ArrayList.java:1654) ~[na:na]
	at java.base/java.util.stream.AbstractPipeline.copyInto(AbstractPipeline.java:484) ~[na:na]
	at java.base/java.util.stream.AbstractPipeline.wrapAndCopyInto(AbstractPipeline.java:474) ~[na:na]
	at java.base/java.util.stream.StreamSpliterators$WrappingSpliterator.forEachRemaining(StreamSpliterators.java:312) ~[na:na]
	at java.base/java.util.stream.Streams$ConcatSpliterator.forEachRemaining(Streams.java:735) ~[na:na]
	at java.base/java.util.stream.Streams$ConcatSpliterator.forEachRemaining(Streams.java:734) ~[na:na]
	at java.base/java.util.stream.ReferencePipeline$Head.forEach(ReferencePipeline.java:658) ~[na:na]
	at org.junit.jupiter.engine.descriptor.ClassBasedTestDescriptor.invokeTestInstancePostProcessors(ClassBasedTestDescriptor.java:336) ~[junit-jupiter-engine-5.5.2.jar:5.5.2]
	at org.junit.jupiter.engine.descriptor.ClassBasedTestDescriptor.instantiateAndPostProcessTestInstance(ClassBasedTestDescriptor.java:259) ~[junit-jupiter-engine-5.5.2.jar:5.5.2]
	at org.junit.jupiter.engine.descriptor.ClassBasedTestDescriptor.lambda$testInstancesProvider$2(ClassBasedTestDescriptor.java:252) ~[junit-jupiter-engine-5.5.2.jar:5.5.2]
	at java.base/java.util.Optional.orElseGet(Optional.java:369) ~[na:na]
	at org.junit.jupiter.engine.descriptor.ClassBasedTestDescriptor.lambda$testInstancesProvider$3(ClassBasedTestDescriptor.java:251) ~[junit-jupiter-engine-5.5.2.jar:5.5.2]
	at org.junit.jupiter.engine.execution.TestInstancesProvider.getTestInstances(TestInstancesProvider.java:29) ~[junit-jupiter-engine-5.5.2.jar:5.5.2]
	at org.junit.jupiter.engine.descriptor.TestMethodTestDescriptor.lambda$prepare$0(TestMethodTestDescriptor.java:106) ~[junit-jupiter-engine-5.5.2.jar:5.5.2]
	at org.junit.platform.engine.support.hierarchical.ThrowableCollector.execute(ThrowableCollector.java:73) ~[junit-platform-engine-1.5.2.jar:1.5.2]
	at org.junit.jupiter.engine.descriptor.TestMethodTestDescriptor.prepare(TestMethodTestDescriptor.java:105) ~[junit-jupiter-engine-5.5.2.jar:5.5.2]
	at org.junit.jupiter.engine.descriptor.TestMethodTestDescriptor.prepare(TestMethodTestDescriptor.java:69) ~[junit-jupiter-engine-5.5.2.jar:5.5.2]
	at org.junit.platform.engine.support.hierarchical.NodeTestTask.lambda$prepare$1(NodeTestTask.java:107) ~[junit-platform-engine-1.5.2.jar:1.5.2]
	at org.junit.platform.engine.support.hierarchical.ThrowableCollector.execute(ThrowableCollector.java:73) ~[junit-platform-engine-1.5.2.jar:1.5.2]
	at org.junit.platform.engine.support.hierarchical.NodeTestTask.prepare(NodeTestTask.java:107) ~[junit-platform-engine-1.5.2.jar:1.5.2]
	at org.junit.platform.engine.support.hierarchical.NodeTestTask.execute(NodeTestTask.java:75) ~[junit-platform-engine-1.5.2.jar:1.5.2]
	at java.base/java.util.ArrayList.forEach(ArrayList.java:1540) ~[na:na]
	at org.junit.platform.engine.support.hierarchical.SameThreadHierarchicalTestExecutorService.invokeAll(SameThreadHierarchicalTestExecutorService.java:38) ~[junit-platform-engine-1.5.2.jar:1.5.2]
	at org.junit.platform.engine.support.hierarchical.NodeTestTask.lambda$executeRecursively$5(NodeTestTask.java:139) ~[junit-platform-engine-1.5.2.jar:1.5.2]
	at org.junit.platform.engine.support.hierarchical.ThrowableCollector.execute(ThrowableCollector.java:73) ~[junit-platform-engine-1.5.2.jar:1.5.2]
	at org.junit.platform.engine.support.hierarchical.NodeTestTask.lambda$executeRecursively$7(NodeTestTask.java:125) ~[junit-platform-engine-1.5.2.jar:1.5.2]
	at org.junit.platform.engine.support.hierarchical.Node.around(Node.java:135) ~[junit-platform-engine-1.5.2.jar:1.5.2]
	at org.junit.platform.engine.support.hierarchical.NodeTestTask.lambda$executeRecursively$8(NodeTestTask.java:123) ~[junit-platform-engine-1.5.2.jar:1.5.2]
	at org.junit.platform.engine.support.hierarchical.ThrowableCollector.execute(ThrowableCollector.java:73) ~[junit-platform-engine-1.5.2.jar:1.5.2]
	at org.junit.platform.engine.support.hierarchical.NodeTestTask.executeRecursively(NodeTestTask.java:122) ~[junit-platform-engine-1.5.2.jar:1.5.2]
	at org.junit.platform.engine.support.hierarchical.NodeTestTask.execute(NodeTestTask.java:80) ~[junit-platform-engine-1.5.2.jar:1.5.2]
	at java.base/java.util.ArrayList.forEach(ArrayList.java:1540) ~[na:na]
	at org.junit.platform.engine.support.hierarchical.SameThreadHierarchicalTestExecutorService.invokeAll(SameThreadHierarchicalTestExecutorService.java:38) ~[junit-platform-engine-1.5.2.jar:1.5.2]
	at org.junit.platform.engine.support.hierarchical.NodeTestTask.lambda$executeRecursively$5(NodeTestTask.java:139) ~[junit-platform-engine-1.5.2.jar:1.5.2]
	at org.junit.platform.engine.support.hierarchical.ThrowableCollector.execute(ThrowableCollector.java:73) ~[junit-platform-engine-1.5.2.jar:1.5.2]
	at org.junit.platform.engine.support.hierarchical.NodeTestTask.lambda$executeRecursively$7(NodeTestTask.java:125) ~[junit-platform-engine-1.5.2.jar:1.5.2]
	at org.junit.platform.engine.support.hierarchical.Node.around(Node.java:135) ~[junit-platform-engine-1.5.2.jar:1.5.2]
	at org.junit.platform.engine.support.hierarchical.NodeTestTask.lambda$executeRecursively$8(NodeTestTask.java:123) ~[junit-platform-engine-1.5.2.jar:1.5.2]
	at org.junit.platform.engine.support.hierarchical.ThrowableCollector.execute(ThrowableCollector.java:73) ~[junit-platform-engine-1.5.2.jar:1.5.2]
	at org.junit.platform.engine.support.hierarchical.NodeTestTask.executeRecursively(NodeTestTask.java:122) ~[junit-platform-engine-1.5.2.jar:1.5.2]
	at org.junit.platform.engine.support.hierarchical.NodeTestTask.execute(NodeTestTask.java:80) ~[junit-platform-engine-1.5.2.jar:1.5.2]
	at org.junit.platform.engine.support.hierarchical.SameThreadHierarchicalTestExecutorService.submit(SameThreadHierarchicalTestExecutorService.java:32) ~[junit-platform-engine-1.5.2.jar:1.5.2]
	at org.junit.platform.engine.support.hierarchical.HierarchicalTestExecutor.execute(HierarchicalTestExecutor.java:57) ~[junit-platform-engine-1.5.2.jar:1.5.2]
	at org.junit.platform.engine.support.hierarchical.HierarchicalTestEngine.execute(HierarchicalTestEngine.java:51) ~[junit-platform-engine-1.5.2.jar:1.5.2]
	at org.junit.platform.launcher.core.DefaultLauncher.execute(DefaultLauncher.java:220) ~[junit-platform-launcher-1.3.1.jar:1.3.1]
	at org.junit.platform.launcher.core.DefaultLauncher.lambda$execute$6(DefaultLauncher.java:188) ~[junit-platform-launcher-1.3.1.jar:1.3.1]
	at org.junit.platform.launcher.core.DefaultLauncher.withInterceptedStreams(DefaultLauncher.java:202) ~[junit-platform-launcher-1.3.1.jar:1.3.1]
	at org.junit.platform.launcher.core.DefaultLauncher.execute(DefaultLauncher.java:181) ~[junit-platform-launcher-1.3.1.jar:1.3.1]
	at org.junit.platform.launcher.core.DefaultLauncher.execute(DefaultLauncher.java:128) ~[junit-platform-launcher-1.3.1.jar:1.3.1]
	at org.apache.maven.surefire.junitplatform.JUnitPlatformProvider.invokeAllTests(JUnitPlatformProvider.java:150) ~[surefire-junit-platform-2.22.2.jar:2.22.2]
	at org.apache.maven.surefire.junitplatform.JUnitPlatformProvider.invoke(JUnitPlatformProvider.java:124) ~[surefire-junit-platform-2.22.2.jar:2.22.2]
	at org.apache.maven.surefire.booter.ForkedBooter.invokeProviderInSameClassLoader(ForkedBooter.java:384) ~[surefire-booter-2.22.2.jar:2.22.2]
	at org.apache.maven.surefire.booter.ForkedBooter.runSuitesInProcess(ForkedBooter.java:345) ~[surefire-booter-2.22.2.jar:2.22.2]
	at org.apache.maven.surefire.booter.ForkedBooter.execute(ForkedBooter.java:126) ~[surefire-booter-2.22.2.jar:2.22.2]
	at org.apache.maven.surefire.booter.ForkedBooter.main(ForkedBooter.java:418) ~[surefire-booter-2.22.2.jar:2.22.2]
Caused by: org.springframework.beans.factory.BeanCreationException: Error creating bean with name 'userController' defined in file [D:\IdeaProjects\shop-teach\shop-manager\target\classes\com\xxxx\manager\controller\UserController.class]: Initialization of bean failed; nested exception is org.springframework.beans.factory.BeanCreationException: userController; nested exception is java.lang.IllegalStateException: Failed to check the status of the service com.xxxx.sso.service.SsoService. No provider available for the service com.xxxx.sso.service.SsoService from the url zookeeper://192.168.10.100:2181/com.alibaba.dubbo.registry.RegistryService?application=rpc-consumer&dubbo=2.6.0&interface=com.xxxx.sso.service.SsoService&methods=logout,login,validate&pid=10000&register.ip=192.168.10.1&revision=1.0-SNAPSHOT&side=consumer&timestamp=1591434968048 to the consumer 192.168.10.1 use dubbo version 2.6.0
	at org.springframework.beans.factory.support.AbstractAutowireCapableBeanFactory.doCreateBean(AbstractAutowireCapableBeanFactory.java:603) ~[spring-beans-5.2.2.RELEASE.jar:5.2.2.RELEASE]
	at org.springframework.beans.factory.support.AbstractAutowireCapableBeanFactory.createBean(AbstractAutowireCapableBeanFactory.java:517) ~[spring-beans-5.2.2.RELEASE.jar:5.2.2.RELEASE]
	at org.springframework.beans.factory.support.AbstractBeanFactory.lambda$doGetBean$0(AbstractBeanFactory.java:323) ~[spring-beans-5.2.2.RELEASE.jar:5.2.2.RELEASE]
	at org.springframework.beans.factory.support.DefaultSingletonBeanRegistry.getSingleton(DefaultSingletonBeanRegistry.java:222) ~[spring-beans-5.2.2.RELEASE.jar:5.2.2.RELEASE]
	at org.springframework.beans.factory.support.AbstractBeanFactory.doGetBean(AbstractBeanFactory.java:321) ~[spring-beans-5.2.2.RELEASE.jar:5.2.2.RELEASE]
	at org.springframework.beans.factory.support.AbstractBeanFactory.getBean(AbstractBeanFactory.java:202) ~[spring-beans-5.2.2.RELEASE.jar:5.2.2.RELEASE]
	at org.springframework.beans.factory.support.DefaultListableBeanFactory.preInstantiateSingletons(DefaultListableBeanFactory.java:879) ~[spring-beans-5.2.2.RELEASE.jar:5.2.2.RELEASE]
	at org.springframework.context.support.AbstractApplicationContext.finishBeanFactoryInitialization(AbstractApplicationContext.java:878) ~[spring-context-5.2.2.RELEASE.jar:5.2.2.RELEASE]
	at org.springframework.context.support.AbstractApplicationContext.refresh(AbstractApplicationContext.java:550) ~[spring-context-5.2.2.RELEASE.jar:5.2.2.RELEASE]
	at org.springframework.boot.SpringApplication.refresh(SpringApplication.java:747) ~[spring-boot-2.2.2.RELEASE.jar:2.2.2.RELEASE]
	at org.springframework.boot.SpringApplication.refreshContext(SpringApplication.java:397) ~[spring-boot-2.2.2.RELEASE.jar:2.2.2.RELEASE]
	at org.springframework.boot.SpringApplication.run(SpringApplication.java:315) ~[spring-boot-2.2.2.RELEASE.jar:2.2.2.RELEASE]
	at org.springframework.boot.test.context.SpringBootContextLoader.loadContext(SpringBootContextLoader.java:125) ~[spring-boot-test-2.2.2.RELEASE.jar:2.2.2.RELEASE]
	at org.springframework.test.context.cache.DefaultCacheAwareContextLoaderDelegate.loadContextInternal(DefaultCacheAwareContextLoaderDelegate.java:99) ~[spring-test-5.2.2.RELEASE.jar:5.2.2.RELEASE]
	at org.springframework.test.context.cache.DefaultCacheAwareContextLoaderDelegate.loadContext(DefaultCacheAwareContextLoaderDelegate.java:124) ~[spring-test-5.2.2.RELEASE.jar:5.2.2.RELEASE]
	... 65 common frames omitted
Caused by: org.springframework.beans.factory.BeanCreationException: userController; nested exception is java.lang.IllegalStateException: Failed to check the status of the service com.xxxx.sso.service.SsoService. No provider available for the service com.xxxx.sso.service.SsoService from the url zookeeper://192.168.10.100:2181/com.alibaba.dubbo.registry.RegistryService?application=rpc-consumer&dubbo=2.6.0&interface=com.xxxx.sso.service.SsoService&methods=logout,login,validate&pid=10000&register.ip=192.168.10.1&revision=1.0-SNAPSHOT&side=consumer&timestamp=1591434968048 to the consumer 192.168.10.1 use dubbo version 2.6.0
	at com.alibaba.dubbo.spring.boot.DubboConsumerAutoConfiguration$1.postProcessBeforeInitialization(DubboConsumerAutoConfiguration.java:100) ~[dubbo-spring-boot-starter-2.0.0.jar:na]
	at org.springframework.beans.factory.support.AbstractAutowireCapableBeanFactory.applyBeanPostProcessorsBeforeInitialization(AbstractAutowireCapableBeanFactory.java:416) ~[spring-beans-5.2.2.RELEASE.jar:5.2.2.RELEASE]
	at org.springframework.beans.factory.support.AbstractAutowireCapableBeanFactory.initializeBean(AbstractAutowireCapableBeanFactory.java:1788) ~[spring-beans-5.2.2.RELEASE.jar:5.2.2.RELEASE]
	at org.springframework.beans.factory.support.AbstractAutowireCapableBeanFactory.doCreateBean(AbstractAutowireCapableBeanFactory.java:595) ~[spring-beans-5.2.2.RELEASE.jar:5.2.2.RELEASE]
	... 79 common frames omitted
Caused by: java.lang.IllegalStateException: Failed to check the status of the service com.xxxx.sso.service.SsoService. No provider available for the service com.xxxx.sso.service.SsoService from the url zookeeper://192.168.10.100:2181/com.alibaba.dubbo.registry.RegistryService?application=rpc-consumer&dubbo=2.6.0&interface=com.xxxx.sso.service.SsoService&methods=logout,login,validate&pid=10000&register.ip=192.168.10.1&revision=1.0-SNAPSHOT&side=consumer&timestamp=1591434968048 to the consumer 192.168.10.1 use dubbo version 2.6.0
	at com.alibaba.dubbo.config.ReferenceConfig.createProxy(ReferenceConfig.java:422) ~[dubbo-2.6.0.jar:2.6.0]
	at com.alibaba.dubbo.config.ReferenceConfig.init(ReferenceConfig.java:333) ~[dubbo-2.6.0.jar:2.6.0]
	at com.alibaba.dubbo.config.ReferenceConfig.get(ReferenceConfig.java:163) ~[dubbo-2.6.0.jar:2.6.0]
	at com.alibaba.dubbo.config.spring.ReferenceBean.getObject(ReferenceBean.java:59) ~[dubbo-2.6.0.jar:2.6.0]
	at com.alibaba.dubbo.spring.boot.DubboConsumerAutoConfiguration$1.postProcessBeforeInitialization(DubboConsumerAutoConfiguration.java:89) ~[dubbo-spring-boot-starter-2.0.0.jar:na]
	... 82 common frames omitted

]]></system-out>
    <system-err><![CDATA[log4j:WARN No appenders could be found for logger (com.alibaba.dubbo.common.logger.LoggerFactory).
log4j:WARN Please initialize the log4j system properly.
log4j:WARN See http://logging.apache.org/log4j/1.2/faq.html#noconfig for more info.
]]></system-err>
  </testcase>
  <testcase name="testSelectCategoryListForView" classname="com.xxxx.manager.GoodsCategroyServiceTest" time="0.001">
    <error message="Failed to load ApplicationContext" type="java.lang.IllegalStateException"><![CDATA[java.lang.IllegalStateException: Failed to load ApplicationContext
Caused by: org.springframework.beans.factory.BeanCreationException: Error creating bean with name 'userController' defined in file [D:\IdeaProjects\shop-teach\shop-manager\target\classes\com\xxxx\manager\controller\UserController.class]: Initialization of bean failed; nested exception is org.springframework.beans.factory.BeanCreationException: userController; nested exception is java.lang.IllegalStateException: Failed to check the status of the service com.xxxx.sso.service.SsoService. No provider available for the service com.xxxx.sso.service.SsoService from the url zookeeper://192.168.10.100:2181/com.alibaba.dubbo.registry.RegistryService?application=rpc-consumer&dubbo=2.6.0&interface=com.xxxx.sso.service.SsoService&methods=logout,login,validate&pid=10000&register.ip=192.168.10.1&revision=1.0-SNAPSHOT&side=consumer&timestamp=1591434987585 to the consumer 192.168.10.1 use dubbo version 2.6.0
Caused by: org.springframework.beans.factory.BeanCreationException: userController; nested exception is java.lang.IllegalStateException: Failed to check the status of the service com.xxxx.sso.service.SsoService. No provider available for the service com.xxxx.sso.service.SsoService from the url zookeeper://192.168.10.100:2181/com.alibaba.dubbo.registry.RegistryService?application=rpc-consumer&dubbo=2.6.0&interface=com.xxxx.sso.service.SsoService&methods=logout,login,validate&pid=10000&register.ip=192.168.10.1&revision=1.0-SNAPSHOT&side=consumer&timestamp=1591434987585 to the consumer 192.168.10.1 use dubbo version 2.6.0
Caused by: java.lang.IllegalStateException: Failed to check the status of the service com.xxxx.sso.service.SsoService. No provider available for the service com.xxxx.sso.service.SsoService from the url zookeeper://192.168.10.100:2181/com.alibaba.dubbo.registry.RegistryService?application=rpc-consumer&dubbo=2.6.0&interface=com.xxxx.sso.service.SsoService&methods=logout,login,validate&pid=10000&register.ip=192.168.10.1&revision=1.0-SNAPSHOT&side=consumer&timestamp=1591434987585 to the consumer 192.168.10.1 use dubbo version 2.6.0
]]></error>
    <system-out><![CDATA[
  ████████▄  ███    █▄  ?█████████▄  ?█████████▄   ▄██████▄  
  ███   ?███ ███    ███   ███    ███   ███    ███ ███    ███ 
  ███    ███ ███    ███   ███    ███   ███    ███ ███    ███ 
  ███    ███ ███    ███  ▄███▄▄▄██?   ▄███▄▄▄██?  ███    ███ 
  ███    ███ ███    ███ ??███???██▄  ??███???██▄  ███    ███ 
  ███    ███ ███    ███   ███    ██▄   ███    ██▄ ███    ███ 
  ███   ▄███ ███    ███   ███    ███   ███    ███ ███    ███ 
  ████████?  ████████?  ▄█████████?  ▄█████████?   ?██████?  
                                                             

 :: Dubbo ::        (v2.6.0)

  .   ____          _            __ _ _
 /\\ / ___'_ __ _ _(_)_ __  __ _ \ \ \ \
( ( )\___ | '_ | '_| | '_ \/ _` | \ \ \ \
 \\/  ___)| |_)| | | | | || (_| |  ) ) ) )
  '  |____| .__|_| |_|_| |_\__, | / / / /
 =========|_|==============|___/=/_/_/_/
 :: Spring Boot ::        (v2.2.2.RELEASE)

2020-06-06 17:16:26.886  INFO 10000 --- [           main] c.xxxx.manager.GoodsCategroyServiceTest  : Starting GoodsCategroyServiceTest on DESKTOP-GS7JE3I with PID 10000 (started by Hello Word in D:\IdeaProjects\shop-teach\shop-manager)
2020-06-06 17:16:26.887  INFO 10000 --- [           main] c.xxxx.manager.GoodsCategroyServiceTest  : The following profiles are active: dev
2020-06-06 17:16:27.214  INFO 10000 --- [           main] .s.d.r.c.RepositoryConfigurationDelegate : Multiple Spring Data modules found, entering strict repository configuration mode!
2020-06-06 17:16:27.214  INFO 10000 --- [           main] .s.d.r.c.RepositoryConfigurationDelegate : Bootstrapping Spring Data Redis repositories in DEFAULT mode.
2020-06-06 17:16:27.225  INFO 10000 --- [           main] .s.d.r.c.RepositoryConfigurationDelegate : Finished Spring Data repository scanning in 9ms. Found 0 Redis repository interfaces.
2020-06-06 17:16:27.327  INFO 10000 --- [           main] trationDelegate$BeanPostProcessorChecker : Bean 'spring.dubbo-com.alibaba.dubbo.spring.boot.DubboProperties' of type [com.alibaba.dubbo.spring.boot.DubboProperties] is not eligible for getting processed by all BeanPostProcessors (for example: not eligible for auto-proxying)
2020-06-06 17:16:27.331  INFO 10000 --- [           main] trationDelegate$BeanPostProcessorChecker : Bean 'org.springframework.transaction.annotation.ProxyTransactionManagementConfiguration' of type [org.springframework.transaction.annotation.ProxyTransactionManagementConfiguration] is not eligible for getting processed by all BeanPostProcessors (for example: not eligible for auto-proxying)
2020-06-06 17:16:27.360  INFO 10000 --- [           main] trationDelegate$BeanPostProcessorChecker : Bean 'com.alibaba.dubbo.spring.boot.DubboConsumerAutoConfiguration' of type [com.alibaba.dubbo.spring.boot.DubboConsumerAutoConfiguration$$EnhancerBySpringCGLIB$$967f3f1d] is not eligible for getting processed by all BeanPostProcessors (for example: not eligible for auto-proxying)
2020-06-06 17:16:27.620  WARN 10000 --- [           main] o.s.w.c.s.GenericWebApplicationContext   : Exception encountered during context initialization - cancelling refresh attempt: org.springframework.beans.factory.BeanCreationException: Error creating bean with name 'userController' defined in file [D:\IdeaProjects\shop-teach\shop-manager\target\classes\com\xxxx\manager\controller\UserController.class]: Initialization of bean failed; nested exception is org.springframework.beans.factory.BeanCreationException: userController; nested exception is java.lang.IllegalStateException: Failed to check the status of the service com.xxxx.sso.service.SsoService. No provider available for the service com.xxxx.sso.service.SsoService from the url zookeeper://192.168.10.100:2181/com.alibaba.dubbo.registry.RegistryService?application=rpc-consumer&dubbo=2.6.0&interface=com.xxxx.sso.service.SsoService&methods=logout,login,validate&pid=10000&register.ip=192.168.10.1&revision=1.0-SNAPSHOT&side=consumer&timestamp=1591434987585 to the consumer 192.168.10.1 use dubbo version 2.6.0
2020-06-06 17:16:27.628  INFO 10000 --- [           main] com.alibaba.druid.pool.DruidDataSource   : {dataSource-0} closing ...
2020-06-06 17:16:27.636  INFO 10000 --- [           main] ConditionEvaluationReportLoggingListener : 

Error starting ApplicationContext. To display the conditions report re-run your application with 'debug' enabled.
2020-06-06 17:16:27.639 ERROR 10000 --- [           main] o.s.boot.SpringApplication               : Application run failed

org.springframework.beans.factory.BeanCreationException: Error creating bean with name 'userController' defined in file [D:\IdeaProjects\shop-teach\shop-manager\target\classes\com\xxxx\manager\controller\UserController.class]: Initialization of bean failed; nested exception is org.springframework.beans.factory.BeanCreationException: userController; nested exception is java.lang.IllegalStateException: Failed to check the status of the service com.xxxx.sso.service.SsoService. No provider available for the service com.xxxx.sso.service.SsoService from the url zookeeper://192.168.10.100:2181/com.alibaba.dubbo.registry.RegistryService?application=rpc-consumer&dubbo=2.6.0&interface=com.xxxx.sso.service.SsoService&methods=logout,login,validate&pid=10000&register.ip=192.168.10.1&revision=1.0-SNAPSHOT&side=consumer&timestamp=1591434987585 to the consumer 192.168.10.1 use dubbo version 2.6.0
	at org.springframework.beans.factory.support.AbstractAutowireCapableBeanFactory.doCreateBean(AbstractAutowireCapableBeanFactory.java:603) ~[spring-beans-5.2.2.RELEASE.jar:5.2.2.RELEASE]
	at org.springframework.beans.factory.support.AbstractAutowireCapableBeanFactory.createBean(AbstractAutowireCapableBeanFactory.java:517) ~[spring-beans-5.2.2.RELEASE.jar:5.2.2.RELEASE]
	at org.springframework.beans.factory.support.AbstractBeanFactory.lambda$doGetBean$0(AbstractBeanFactory.java:323) ~[spring-beans-5.2.2.RELEASE.jar:5.2.2.RELEASE]
	at org.springframework.beans.factory.support.DefaultSingletonBeanRegistry.getSingleton(DefaultSingletonBeanRegistry.java:222) ~[spring-beans-5.2.2.RELEASE.jar:5.2.2.RELEASE]
	at org.springframework.beans.factory.support.AbstractBeanFactory.doGetBean(AbstractBeanFactory.java:321) ~[spring-beans-5.2.2.RELEASE.jar:5.2.2.RELEASE]
	at org.springframework.beans.factory.support.AbstractBeanFactory.getBean(AbstractBeanFactory.java:202) ~[spring-beans-5.2.2.RELEASE.jar:5.2.2.RELEASE]
	at org.springframework.beans.factory.support.DefaultListableBeanFactory.preInstantiateSingletons(DefaultListableBeanFactory.java:879) ~[spring-beans-5.2.2.RELEASE.jar:5.2.2.RELEASE]
	at org.springframework.context.support.AbstractApplicationContext.finishBeanFactoryInitialization(AbstractApplicationContext.java:878) ~[spring-context-5.2.2.RELEASE.jar:5.2.2.RELEASE]
	at org.springframework.context.support.AbstractApplicationContext.refresh(AbstractApplicationContext.java:550) ~[spring-context-5.2.2.RELEASE.jar:5.2.2.RELEASE]
	at org.springframework.boot.SpringApplication.refresh(SpringApplication.java:747) ~[spring-boot-2.2.2.RELEASE.jar:2.2.2.RELEASE]
	at org.springframework.boot.SpringApplication.refreshContext(SpringApplication.java:397) ~[spring-boot-2.2.2.RELEASE.jar:2.2.2.RELEASE]
	at org.springframework.boot.SpringApplication.run(SpringApplication.java:315) ~[spring-boot-2.2.2.RELEASE.jar:2.2.2.RELEASE]
	at org.springframework.boot.test.context.SpringBootContextLoader.loadContext(SpringBootContextLoader.java:125) ~[spring-boot-test-2.2.2.RELEASE.jar:2.2.2.RELEASE]
	at org.springframework.test.context.cache.DefaultCacheAwareContextLoaderDelegate.loadContextInternal(DefaultCacheAwareContextLoaderDelegate.java:99) ~[spring-test-5.2.2.RELEASE.jar:5.2.2.RELEASE]
	at org.springframework.test.context.cache.DefaultCacheAwareContextLoaderDelegate.loadContext(DefaultCacheAwareContextLoaderDelegate.java:124) ~[spring-test-5.2.2.RELEASE.jar:5.2.2.RELEASE]
	at org.springframework.test.context.support.DefaultTestContext.getApplicationContext(DefaultTestContext.java:123) ~[spring-test-5.2.2.RELEASE.jar:5.2.2.RELEASE]
	at org.springframework.test.context.web.ServletTestExecutionListener.setUpRequestContextIfNecessary(ServletTestExecutionListener.java:190) ~[spring-test-5.2.2.RELEASE.jar:5.2.2.RELEASE]
	at org.springframework.test.context.web.ServletTestExecutionListener.prepareTestInstance(ServletTestExecutionListener.java:132) ~[spring-test-5.2.2.RELEASE.jar:5.2.2.RELEASE]
	at org.springframework.test.context.TestContextManager.prepareTestInstance(TestContextManager.java:244) ~[spring-test-5.2.2.RELEASE.jar:5.2.2.RELEASE]
	at org.springframework.test.context.junit.jupiter.SpringExtension.postProcessTestInstance(SpringExtension.java:98) ~[spring-test-5.2.2.RELEASE.jar:5.2.2.RELEASE]
	at org.junit.jupiter.engine.descriptor.ClassBasedTestDescriptor.lambda$invokeTestInstancePostProcessors$5(ClassBasedTestDescriptor.java:337) ~[junit-jupiter-engine-5.5.2.jar:5.5.2]
	at org.junit.jupiter.engine.descriptor.ClassBasedTestDescriptor.executeAndMaskThrowable(ClassBasedTestDescriptor.java:342) ~[junit-jupiter-engine-5.5.2.jar:5.5.2]
	at org.junit.jupiter.engine.descriptor.ClassBasedTestDescriptor.lambda$invokeTestInstancePostProcessors$6(ClassBasedTestDescriptor.java:337) ~[junit-jupiter-engine-5.5.2.jar:5.5.2]
	at java.base/java.util.stream.ReferencePipeline$3$1.accept(ReferencePipeline.java:195) ~[na:na]
	at java.base/java.util.stream.ReferencePipeline$2$1.accept(ReferencePipeline.java:177) ~[na:na]
	at java.base/java.util.ArrayList$ArrayListSpliterator.forEachRemaining(ArrayList.java:1654) ~[na:na]
	at java.base/java.util.stream.AbstractPipeline.copyInto(AbstractPipeline.java:484) ~[na:na]
	at java.base/java.util.stream.AbstractPipeline.wrapAndCopyInto(AbstractPipeline.java:474) ~[na:na]
	at java.base/java.util.stream.StreamSpliterators$WrappingSpliterator.forEachRemaining(StreamSpliterators.java:312) ~[na:na]
	at java.base/java.util.stream.Streams$ConcatSpliterator.forEachRemaining(Streams.java:735) ~[na:na]
	at java.base/java.util.stream.Streams$ConcatSpliterator.forEachRemaining(Streams.java:734) ~[na:na]
	at java.base/java.util.stream.ReferencePipeline$Head.forEach(ReferencePipeline.java:658) ~[na:na]
	at org.junit.jupiter.engine.descriptor.ClassBasedTestDescriptor.invokeTestInstancePostProcessors(ClassBasedTestDescriptor.java:336) ~[junit-jupiter-engine-5.5.2.jar:5.5.2]
	at org.junit.jupiter.engine.descriptor.ClassBasedTestDescriptor.instantiateAndPostProcessTestInstance(ClassBasedTestDescriptor.java:259) ~[junit-jupiter-engine-5.5.2.jar:5.5.2]
	at org.junit.jupiter.engine.descriptor.ClassBasedTestDescriptor.lambda$testInstancesProvider$2(ClassBasedTestDescriptor.java:252) ~[junit-jupiter-engine-5.5.2.jar:5.5.2]
	at java.base/java.util.Optional.orElseGet(Optional.java:369) ~[na:na]
	at org.junit.jupiter.engine.descriptor.ClassBasedTestDescriptor.lambda$testInstancesProvider$3(ClassBasedTestDescriptor.java:251) ~[junit-jupiter-engine-5.5.2.jar:5.5.2]
	at org.junit.jupiter.engine.execution.TestInstancesProvider.getTestInstances(TestInstancesProvider.java:29) ~[junit-jupiter-engine-5.5.2.jar:5.5.2]
	at org.junit.jupiter.engine.descriptor.TestMethodTestDescriptor.lambda$prepare$0(TestMethodTestDescriptor.java:106) ~[junit-jupiter-engine-5.5.2.jar:5.5.2]
	at org.junit.platform.engine.support.hierarchical.ThrowableCollector.execute(ThrowableCollector.java:73) ~[junit-platform-engine-1.5.2.jar:1.5.2]
	at org.junit.jupiter.engine.descriptor.TestMethodTestDescriptor.prepare(TestMethodTestDescriptor.java:105) ~[junit-jupiter-engine-5.5.2.jar:5.5.2]
	at org.junit.jupiter.engine.descriptor.TestMethodTestDescriptor.prepare(TestMethodTestDescriptor.java:69) ~[junit-jupiter-engine-5.5.2.jar:5.5.2]
	at org.junit.platform.engine.support.hierarchical.NodeTestTask.lambda$prepare$1(NodeTestTask.java:107) ~[junit-platform-engine-1.5.2.jar:1.5.2]
	at org.junit.platform.engine.support.hierarchical.ThrowableCollector.execute(ThrowableCollector.java:73) ~[junit-platform-engine-1.5.2.jar:1.5.2]
	at org.junit.platform.engine.support.hierarchical.NodeTestTask.prepare(NodeTestTask.java:107) ~[junit-platform-engine-1.5.2.jar:1.5.2]
	at org.junit.platform.engine.support.hierarchical.NodeTestTask.execute(NodeTestTask.java:75) ~[junit-platform-engine-1.5.2.jar:1.5.2]
	at java.base/java.util.ArrayList.forEach(ArrayList.java:1540) ~[na:na]
	at org.junit.platform.engine.support.hierarchical.SameThreadHierarchicalTestExecutorService.invokeAll(SameThreadHierarchicalTestExecutorService.java:38) ~[junit-platform-engine-1.5.2.jar:1.5.2]
	at org.junit.platform.engine.support.hierarchical.NodeTestTask.lambda$executeRecursively$5(NodeTestTask.java:139) ~[junit-platform-engine-1.5.2.jar:1.5.2]
	at org.junit.platform.engine.support.hierarchical.ThrowableCollector.execute(ThrowableCollector.java:73) ~[junit-platform-engine-1.5.2.jar:1.5.2]
	at org.junit.platform.engine.support.hierarchical.NodeTestTask.lambda$executeRecursively$7(NodeTestTask.java:125) ~[junit-platform-engine-1.5.2.jar:1.5.2]
	at org.junit.platform.engine.support.hierarchical.Node.around(Node.java:135) ~[junit-platform-engine-1.5.2.jar:1.5.2]
	at org.junit.platform.engine.support.hierarchical.NodeTestTask.lambda$executeRecursively$8(NodeTestTask.java:123) ~[junit-platform-engine-1.5.2.jar:1.5.2]
	at org.junit.platform.engine.support.hierarchical.ThrowableCollector.execute(ThrowableCollector.java:73) ~[junit-platform-engine-1.5.2.jar:1.5.2]
	at org.junit.platform.engine.support.hierarchical.NodeTestTask.executeRecursively(NodeTestTask.java:122) ~[junit-platform-engine-1.5.2.jar:1.5.2]
	at org.junit.platform.engine.support.hierarchical.NodeTestTask.execute(NodeTestTask.java:80) ~[junit-platform-engine-1.5.2.jar:1.5.2]
	at java.base/java.util.ArrayList.forEach(ArrayList.java:1540) ~[na:na]
	at org.junit.platform.engine.support.hierarchical.SameThreadHierarchicalTestExecutorService.invokeAll(SameThreadHierarchicalTestExecutorService.java:38) ~[junit-platform-engine-1.5.2.jar:1.5.2]
	at org.junit.platform.engine.support.hierarchical.NodeTestTask.lambda$executeRecursively$5(NodeTestTask.java:139) ~[junit-platform-engine-1.5.2.jar:1.5.2]
	at org.junit.platform.engine.support.hierarchical.ThrowableCollector.execute(ThrowableCollector.java:73) ~[junit-platform-engine-1.5.2.jar:1.5.2]
	at org.junit.platform.engine.support.hierarchical.NodeTestTask.lambda$executeRecursively$7(NodeTestTask.java:125) ~[junit-platform-engine-1.5.2.jar:1.5.2]
	at org.junit.platform.engine.support.hierarchical.Node.around(Node.java:135) ~[junit-platform-engine-1.5.2.jar:1.5.2]
	at org.junit.platform.engine.support.hierarchical.NodeTestTask.lambda$executeRecursively$8(NodeTestTask.java:123) ~[junit-platform-engine-1.5.2.jar:1.5.2]
	at org.junit.platform.engine.support.hierarchical.ThrowableCollector.execute(ThrowableCollector.java:73) ~[junit-platform-engine-1.5.2.jar:1.5.2]
	at org.junit.platform.engine.support.hierarchical.NodeTestTask.executeRecursively(NodeTestTask.java:122) ~[junit-platform-engine-1.5.2.jar:1.5.2]
	at org.junit.platform.engine.support.hierarchical.NodeTestTask.execute(NodeTestTask.java:80) ~[junit-platform-engine-1.5.2.jar:1.5.2]
	at org.junit.platform.engine.support.hierarchical.SameThreadHierarchicalTestExecutorService.submit(SameThreadHierarchicalTestExecutorService.java:32) ~[junit-platform-engine-1.5.2.jar:1.5.2]
	at org.junit.platform.engine.support.hierarchical.HierarchicalTestExecutor.execute(HierarchicalTestExecutor.java:57) ~[junit-platform-engine-1.5.2.jar:1.5.2]
	at org.junit.platform.engine.support.hierarchical.HierarchicalTestEngine.execute(HierarchicalTestEngine.java:51) ~[junit-platform-engine-1.5.2.jar:1.5.2]
	at org.junit.platform.launcher.core.DefaultLauncher.execute(DefaultLauncher.java:220) ~[junit-platform-launcher-1.3.1.jar:1.3.1]
	at org.junit.platform.launcher.core.DefaultLauncher.lambda$execute$6(DefaultLauncher.java:188) ~[junit-platform-launcher-1.3.1.jar:1.3.1]
	at org.junit.platform.launcher.core.DefaultLauncher.withInterceptedStreams(DefaultLauncher.java:202) ~[junit-platform-launcher-1.3.1.jar:1.3.1]
	at org.junit.platform.launcher.core.DefaultLauncher.execute(DefaultLauncher.java:181) ~[junit-platform-launcher-1.3.1.jar:1.3.1]
	at org.junit.platform.launcher.core.DefaultLauncher.execute(DefaultLauncher.java:128) ~[junit-platform-launcher-1.3.1.jar:1.3.1]
	at org.apache.maven.surefire.junitplatform.JUnitPlatformProvider.invokeAllTests(JUnitPlatformProvider.java:150) ~[surefire-junit-platform-2.22.2.jar:2.22.2]
	at org.apache.maven.surefire.junitplatform.JUnitPlatformProvider.invoke(JUnitPlatformProvider.java:124) ~[surefire-junit-platform-2.22.2.jar:2.22.2]
	at org.apache.maven.surefire.booter.ForkedBooter.invokeProviderInSameClassLoader(ForkedBooter.java:384) ~[surefire-booter-2.22.2.jar:2.22.2]
	at org.apache.maven.surefire.booter.ForkedBooter.runSuitesInProcess(ForkedBooter.java:345) ~[surefire-booter-2.22.2.jar:2.22.2]
	at org.apache.maven.surefire.booter.ForkedBooter.execute(ForkedBooter.java:126) ~[surefire-booter-2.22.2.jar:2.22.2]
	at org.apache.maven.surefire.booter.ForkedBooter.main(ForkedBooter.java:418) ~[surefire-booter-2.22.2.jar:2.22.2]
Caused by: org.springframework.beans.factory.BeanCreationException: userController; nested exception is java.lang.IllegalStateException: Failed to check the status of the service com.xxxx.sso.service.SsoService. No provider available for the service com.xxxx.sso.service.SsoService from the url zookeeper://192.168.10.100:2181/com.alibaba.dubbo.registry.RegistryService?application=rpc-consumer&dubbo=2.6.0&interface=com.xxxx.sso.service.SsoService&methods=logout,login,validate&pid=10000&register.ip=192.168.10.1&revision=1.0-SNAPSHOT&side=consumer&timestamp=1591434987585 to the consumer 192.168.10.1 use dubbo version 2.6.0
	at com.alibaba.dubbo.spring.boot.DubboConsumerAutoConfiguration$1.postProcessBeforeInitialization(DubboConsumerAutoConfiguration.java:100) ~[dubbo-spring-boot-starter-2.0.0.jar:na]
	at org.springframework.beans.factory.support.AbstractAutowireCapableBeanFactory.applyBeanPostProcessorsBeforeInitialization(AbstractAutowireCapableBeanFactory.java:416) ~[spring-beans-5.2.2.RELEASE.jar:5.2.2.RELEASE]
	at org.springframework.beans.factory.support.AbstractAutowireCapableBeanFactory.initializeBean(AbstractAutowireCapableBeanFactory.java:1788) ~[spring-beans-5.2.2.RELEASE.jar:5.2.2.RELEASE]
	at org.springframework.beans.factory.support.AbstractAutowireCapableBeanFactory.doCreateBean(AbstractAutowireCapableBeanFactory.java:595) ~[spring-beans-5.2.2.RELEASE.jar:5.2.2.RELEASE]
	... 79 common frames omitted
Caused by: java.lang.IllegalStateException: Failed to check the status of the service com.xxxx.sso.service.SsoService. No provider available for the service com.xxxx.sso.service.SsoService from the url zookeeper://192.168.10.100:2181/com.alibaba.dubbo.registry.RegistryService?application=rpc-consumer&dubbo=2.6.0&interface=com.xxxx.sso.service.SsoService&methods=logout,login,validate&pid=10000&register.ip=192.168.10.1&revision=1.0-SNAPSHOT&side=consumer&timestamp=1591434987585 to the consumer 192.168.10.1 use dubbo version 2.6.0
	at com.alibaba.dubbo.config.ReferenceConfig.createProxy(ReferenceConfig.java:422) ~[dubbo-2.6.0.jar:2.6.0]
	at com.alibaba.dubbo.config.ReferenceConfig.init(ReferenceConfig.java:333) ~[dubbo-2.6.0.jar:2.6.0]
	at com.alibaba.dubbo.config.ReferenceConfig.get(ReferenceConfig.java:163) ~[dubbo-2.6.0.jar:2.6.0]
	at com.alibaba.dubbo.config.spring.ReferenceBean.getObject(ReferenceBean.java:59) ~[dubbo-2.6.0.jar:2.6.0]
	at com.alibaba.dubbo.spring.boot.DubboConsumerAutoConfiguration$1.postProcessBeforeInitialization(DubboConsumerAutoConfiguration.java:89) ~[dubbo-spring-boot-starter-2.0.0.jar:na]
	... 82 common frames omitted

2020-06-06 17:16:27.641 ERROR 10000 --- [           main] o.s.test.context.TestContextManager      : Caught exception while allowing TestExecutionListener [org.springframework.test.context.web.ServletTestExecutionListener@6f44a157] to prepare test instance [com.xxxx.manager.GoodsCategroyServiceTest@36511772]

java.lang.IllegalStateException: Failed to load ApplicationContext
	at org.springframework.test.context.cache.DefaultCacheAwareContextLoaderDelegate.loadContext(DefaultCacheAwareContextLoaderDelegate.java:132) ~[spring-test-5.2.2.RELEASE.jar:5.2.2.RELEASE]
	at org.springframework.test.context.support.DefaultTestContext.getApplicationContext(DefaultTestContext.java:123) ~[spring-test-5.2.2.RELEASE.jar:5.2.2.RELEASE]
	at org.springframework.test.context.web.ServletTestExecutionListener.setUpRequestContextIfNecessary(ServletTestExecutionListener.java:190) ~[spring-test-5.2.2.RELEASE.jar:5.2.2.RELEASE]
	at org.springframework.test.context.web.ServletTestExecutionListener.prepareTestInstance(ServletTestExecutionListener.java:132) ~[spring-test-5.2.2.RELEASE.jar:5.2.2.RELEASE]
	at org.springframework.test.context.TestContextManager.prepareTestInstance(TestContextManager.java:244) ~[spring-test-5.2.2.RELEASE.jar:5.2.2.RELEASE]
	at org.springframework.test.context.junit.jupiter.SpringExtension.postProcessTestInstance(SpringExtension.java:98) ~[spring-test-5.2.2.RELEASE.jar:5.2.2.RELEASE]
	at org.junit.jupiter.engine.descriptor.ClassBasedTestDescriptor.lambda$invokeTestInstancePostProcessors$5(ClassBasedTestDescriptor.java:337) ~[junit-jupiter-engine-5.5.2.jar:5.5.2]
	at org.junit.jupiter.engine.descriptor.ClassBasedTestDescriptor.executeAndMaskThrowable(ClassBasedTestDescriptor.java:342) ~[junit-jupiter-engine-5.5.2.jar:5.5.2]
	at org.junit.jupiter.engine.descriptor.ClassBasedTestDescriptor.lambda$invokeTestInstancePostProcessors$6(ClassBasedTestDescriptor.java:337) ~[junit-jupiter-engine-5.5.2.jar:5.5.2]
	at java.base/java.util.stream.ReferencePipeline$3$1.accept(ReferencePipeline.java:195) ~[na:na]
	at java.base/java.util.stream.ReferencePipeline$2$1.accept(ReferencePipeline.java:177) ~[na:na]
	at java.base/java.util.ArrayList$ArrayListSpliterator.forEachRemaining(ArrayList.java:1654) ~[na:na]
	at java.base/java.util.stream.AbstractPipeline.copyInto(AbstractPipeline.java:484) ~[na:na]
	at java.base/java.util.stream.AbstractPipeline.wrapAndCopyInto(AbstractPipeline.java:474) ~[na:na]
	at java.base/java.util.stream.StreamSpliterators$WrappingSpliterator.forEachRemaining(StreamSpliterators.java:312) ~[na:na]
	at java.base/java.util.stream.Streams$ConcatSpliterator.forEachRemaining(Streams.java:735) ~[na:na]
	at java.base/java.util.stream.Streams$ConcatSpliterator.forEachRemaining(Streams.java:734) ~[na:na]
	at java.base/java.util.stream.ReferencePipeline$Head.forEach(ReferencePipeline.java:658) ~[na:na]
	at org.junit.jupiter.engine.descriptor.ClassBasedTestDescriptor.invokeTestInstancePostProcessors(ClassBasedTestDescriptor.java:336) ~[junit-jupiter-engine-5.5.2.jar:5.5.2]
	at org.junit.jupiter.engine.descriptor.ClassBasedTestDescriptor.instantiateAndPostProcessTestInstance(ClassBasedTestDescriptor.java:259) ~[junit-jupiter-engine-5.5.2.jar:5.5.2]
	at org.junit.jupiter.engine.descriptor.ClassBasedTestDescriptor.lambda$testInstancesProvider$2(ClassBasedTestDescriptor.java:252) ~[junit-jupiter-engine-5.5.2.jar:5.5.2]
	at java.base/java.util.Optional.orElseGet(Optional.java:369) ~[na:na]
	at org.junit.jupiter.engine.descriptor.ClassBasedTestDescriptor.lambda$testInstancesProvider$3(ClassBasedTestDescriptor.java:251) ~[junit-jupiter-engine-5.5.2.jar:5.5.2]
	at org.junit.jupiter.engine.execution.TestInstancesProvider.getTestInstances(TestInstancesProvider.java:29) ~[junit-jupiter-engine-5.5.2.jar:5.5.2]
	at org.junit.jupiter.engine.descriptor.TestMethodTestDescriptor.lambda$prepare$0(TestMethodTestDescriptor.java:106) ~[junit-jupiter-engine-5.5.2.jar:5.5.2]
	at org.junit.platform.engine.support.hierarchical.ThrowableCollector.execute(ThrowableCollector.java:73) ~[junit-platform-engine-1.5.2.jar:1.5.2]
	at org.junit.jupiter.engine.descriptor.TestMethodTestDescriptor.prepare(TestMethodTestDescriptor.java:105) ~[junit-jupiter-engine-5.5.2.jar:5.5.2]
	at org.junit.jupiter.engine.descriptor.TestMethodTestDescriptor.prepare(TestMethodTestDescriptor.java:69) ~[junit-jupiter-engine-5.5.2.jar:5.5.2]
	at org.junit.platform.engine.support.hierarchical.NodeTestTask.lambda$prepare$1(NodeTestTask.java:107) ~[junit-platform-engine-1.5.2.jar:1.5.2]
	at org.junit.platform.engine.support.hierarchical.ThrowableCollector.execute(ThrowableCollector.java:73) ~[junit-platform-engine-1.5.2.jar:1.5.2]
	at org.junit.platform.engine.support.hierarchical.NodeTestTask.prepare(NodeTestTask.java:107) ~[junit-platform-engine-1.5.2.jar:1.5.2]
	at org.junit.platform.engine.support.hierarchical.NodeTestTask.execute(NodeTestTask.java:75) ~[junit-platform-engine-1.5.2.jar:1.5.2]
	at java.base/java.util.ArrayList.forEach(ArrayList.java:1540) ~[na:na]
	at org.junit.platform.engine.support.hierarchical.SameThreadHierarchicalTestExecutorService.invokeAll(SameThreadHierarchicalTestExecutorService.java:38) ~[junit-platform-engine-1.5.2.jar:1.5.2]
	at org.junit.platform.engine.support.hierarchical.NodeTestTask.lambda$executeRecursively$5(NodeTestTask.java:139) ~[junit-platform-engine-1.5.2.jar:1.5.2]
	at org.junit.platform.engine.support.hierarchical.ThrowableCollector.execute(ThrowableCollector.java:73) ~[junit-platform-engine-1.5.2.jar:1.5.2]
	at org.junit.platform.engine.support.hierarchical.NodeTestTask.lambda$executeRecursively$7(NodeTestTask.java:125) ~[junit-platform-engine-1.5.2.jar:1.5.2]
	at org.junit.platform.engine.support.hierarchical.Node.around(Node.java:135) ~[junit-platform-engine-1.5.2.jar:1.5.2]
	at org.junit.platform.engine.support.hierarchical.NodeTestTask.lambda$executeRecursively$8(NodeTestTask.java:123) ~[junit-platform-engine-1.5.2.jar:1.5.2]
	at org.junit.platform.engine.support.hierarchical.ThrowableCollector.execute(ThrowableCollector.java:73) ~[junit-platform-engine-1.5.2.jar:1.5.2]
	at org.junit.platform.engine.support.hierarchical.NodeTestTask.executeRecursively(NodeTestTask.java:122) ~[junit-platform-engine-1.5.2.jar:1.5.2]
	at org.junit.platform.engine.support.hierarchical.NodeTestTask.execute(NodeTestTask.java:80) ~[junit-platform-engine-1.5.2.jar:1.5.2]
	at java.base/java.util.ArrayList.forEach(ArrayList.java:1540) ~[na:na]
	at org.junit.platform.engine.support.hierarchical.SameThreadHierarchicalTestExecutorService.invokeAll(SameThreadHierarchicalTestExecutorService.java:38) ~[junit-platform-engine-1.5.2.jar:1.5.2]
	at org.junit.platform.engine.support.hierarchical.NodeTestTask.lambda$executeRecursively$5(NodeTestTask.java:139) ~[junit-platform-engine-1.5.2.jar:1.5.2]
	at org.junit.platform.engine.support.hierarchical.ThrowableCollector.execute(ThrowableCollector.java:73) ~[junit-platform-engine-1.5.2.jar:1.5.2]
	at org.junit.platform.engine.support.hierarchical.NodeTestTask.lambda$executeRecursively$7(NodeTestTask.java:125) ~[junit-platform-engine-1.5.2.jar:1.5.2]
	at org.junit.platform.engine.support.hierarchical.Node.around(Node.java:135) ~[junit-platform-engine-1.5.2.jar:1.5.2]
	at org.junit.platform.engine.support.hierarchical.NodeTestTask.lambda$executeRecursively$8(NodeTestTask.java:123) ~[junit-platform-engine-1.5.2.jar:1.5.2]
	at org.junit.platform.engine.support.hierarchical.ThrowableCollector.execute(ThrowableCollector.java:73) ~[junit-platform-engine-1.5.2.jar:1.5.2]
	at org.junit.platform.engine.support.hierarchical.NodeTestTask.executeRecursively(NodeTestTask.java:122) ~[junit-platform-engine-1.5.2.jar:1.5.2]
	at org.junit.platform.engine.support.hierarchical.NodeTestTask.execute(NodeTestTask.java:80) ~[junit-platform-engine-1.5.2.jar:1.5.2]
	at org.junit.platform.engine.support.hierarchical.SameThreadHierarchicalTestExecutorService.submit(SameThreadHierarchicalTestExecutorService.java:32) ~[junit-platform-engine-1.5.2.jar:1.5.2]
	at org.junit.platform.engine.support.hierarchical.HierarchicalTestExecutor.execute(HierarchicalTestExecutor.java:57) ~[junit-platform-engine-1.5.2.jar:1.5.2]
	at org.junit.platform.engine.support.hierarchical.HierarchicalTestEngine.execute(HierarchicalTestEngine.java:51) ~[junit-platform-engine-1.5.2.jar:1.5.2]
	at org.junit.platform.launcher.core.DefaultLauncher.execute(DefaultLauncher.java:220) ~[junit-platform-launcher-1.3.1.jar:1.3.1]
	at org.junit.platform.launcher.core.DefaultLauncher.lambda$execute$6(DefaultLauncher.java:188) ~[junit-platform-launcher-1.3.1.jar:1.3.1]
	at org.junit.platform.launcher.core.DefaultLauncher.withInterceptedStreams(DefaultLauncher.java:202) ~[junit-platform-launcher-1.3.1.jar:1.3.1]
	at org.junit.platform.launcher.core.DefaultLauncher.execute(DefaultLauncher.java:181) ~[junit-platform-launcher-1.3.1.jar:1.3.1]
	at org.junit.platform.launcher.core.DefaultLauncher.execute(DefaultLauncher.java:128) ~[junit-platform-launcher-1.3.1.jar:1.3.1]
	at org.apache.maven.surefire.junitplatform.JUnitPlatformProvider.invokeAllTests(JUnitPlatformProvider.java:150) ~[surefire-junit-platform-2.22.2.jar:2.22.2]
	at org.apache.maven.surefire.junitplatform.JUnitPlatformProvider.invoke(JUnitPlatformProvider.java:124) ~[surefire-junit-platform-2.22.2.jar:2.22.2]
	at org.apache.maven.surefire.booter.ForkedBooter.invokeProviderInSameClassLoader(ForkedBooter.java:384) ~[surefire-booter-2.22.2.jar:2.22.2]
	at org.apache.maven.surefire.booter.ForkedBooter.runSuitesInProcess(ForkedBooter.java:345) ~[surefire-booter-2.22.2.jar:2.22.2]
	at org.apache.maven.surefire.booter.ForkedBooter.execute(ForkedBooter.java:126) ~[surefire-booter-2.22.2.jar:2.22.2]
	at org.apache.maven.surefire.booter.ForkedBooter.main(ForkedBooter.java:418) ~[surefire-booter-2.22.2.jar:2.22.2]
Caused by: org.springframework.beans.factory.BeanCreationException: Error creating bean with name 'userController' defined in file [D:\IdeaProjects\shop-teach\shop-manager\target\classes\com\xxxx\manager\controller\UserController.class]: Initialization of bean failed; nested exception is org.springframework.beans.factory.BeanCreationException: userController; nested exception is java.lang.IllegalStateException: Failed to check the status of the service com.xxxx.sso.service.SsoService. No provider available for the service com.xxxx.sso.service.SsoService from the url zookeeper://192.168.10.100:2181/com.alibaba.dubbo.registry.RegistryService?application=rpc-consumer&dubbo=2.6.0&interface=com.xxxx.sso.service.SsoService&methods=logout,login,validate&pid=10000&register.ip=192.168.10.1&revision=1.0-SNAPSHOT&side=consumer&timestamp=1591434987585 to the consumer 192.168.10.1 use dubbo version 2.6.0
	at org.springframework.beans.factory.support.AbstractAutowireCapableBeanFactory.doCreateBean(AbstractAutowireCapableBeanFactory.java:603) ~[spring-beans-5.2.2.RELEASE.jar:5.2.2.RELEASE]
	at org.springframework.beans.factory.support.AbstractAutowireCapableBeanFactory.createBean(AbstractAutowireCapableBeanFactory.java:517) ~[spring-beans-5.2.2.RELEASE.jar:5.2.2.RELEASE]
	at org.springframework.beans.factory.support.AbstractBeanFactory.lambda$doGetBean$0(AbstractBeanFactory.java:323) ~[spring-beans-5.2.2.RELEASE.jar:5.2.2.RELEASE]
	at org.springframework.beans.factory.support.DefaultSingletonBeanRegistry.getSingleton(DefaultSingletonBeanRegistry.java:222) ~[spring-beans-5.2.2.RELEASE.jar:5.2.2.RELEASE]
	at org.springframework.beans.factory.support.AbstractBeanFactory.doGetBean(AbstractBeanFactory.java:321) ~[spring-beans-5.2.2.RELEASE.jar:5.2.2.RELEASE]
	at org.springframework.beans.factory.support.AbstractBeanFactory.getBean(AbstractBeanFactory.java:202) ~[spring-beans-5.2.2.RELEASE.jar:5.2.2.RELEASE]
	at org.springframework.beans.factory.support.DefaultListableBeanFactory.preInstantiateSingletons(DefaultListableBeanFactory.java:879) ~[spring-beans-5.2.2.RELEASE.jar:5.2.2.RELEASE]
	at org.springframework.context.support.AbstractApplicationContext.finishBeanFactoryInitialization(AbstractApplicationContext.java:878) ~[spring-context-5.2.2.RELEASE.jar:5.2.2.RELEASE]
	at org.springframework.context.support.AbstractApplicationContext.refresh(AbstractApplicationContext.java:550) ~[spring-context-5.2.2.RELEASE.jar:5.2.2.RELEASE]
	at org.springframework.boot.SpringApplication.refresh(SpringApplication.java:747) ~[spring-boot-2.2.2.RELEASE.jar:2.2.2.RELEASE]
	at org.springframework.boot.SpringApplication.refreshContext(SpringApplication.java:397) ~[spring-boot-2.2.2.RELEASE.jar:2.2.2.RELEASE]
	at org.springframework.boot.SpringApplication.run(SpringApplication.java:315) ~[spring-boot-2.2.2.RELEASE.jar:2.2.2.RELEASE]
	at org.springframework.boot.test.context.SpringBootContextLoader.loadContext(SpringBootContextLoader.java:125) ~[spring-boot-test-2.2.2.RELEASE.jar:2.2.2.RELEASE]
	at org.springframework.test.context.cache.DefaultCacheAwareContextLoaderDelegate.loadContextInternal(DefaultCacheAwareContextLoaderDelegate.java:99) ~[spring-test-5.2.2.RELEASE.jar:5.2.2.RELEASE]
	at org.springframework.test.context.cache.DefaultCacheAwareContextLoaderDelegate.loadContext(DefaultCacheAwareContextLoaderDelegate.java:124) ~[spring-test-5.2.2.RELEASE.jar:5.2.2.RELEASE]
	... 65 common frames omitted
Caused by: org.springframework.beans.factory.BeanCreationException: userController; nested exception is java.lang.IllegalStateException: Failed to check the status of the service com.xxxx.sso.service.SsoService. No provider available for the service com.xxxx.sso.service.SsoService from the url zookeeper://192.168.10.100:2181/com.alibaba.dubbo.registry.RegistryService?application=rpc-consumer&dubbo=2.6.0&interface=com.xxxx.sso.service.SsoService&methods=logout,login,validate&pid=10000&register.ip=192.168.10.1&revision=1.0-SNAPSHOT&side=consumer&timestamp=1591434987585 to the consumer 192.168.10.1 use dubbo version 2.6.0
	at com.alibaba.dubbo.spring.boot.DubboConsumerAutoConfiguration$1.postProcessBeforeInitialization(DubboConsumerAutoConfiguration.java:100) ~[dubbo-spring-boot-starter-2.0.0.jar:na]
	at org.springframework.beans.factory.support.AbstractAutowireCapableBeanFactory.applyBeanPostProcessorsBeforeInitialization(AbstractAutowireCapableBeanFactory.java:416) ~[spring-beans-5.2.2.RELEASE.jar:5.2.2.RELEASE]
	at org.springframework.beans.factory.support.AbstractAutowireCapableBeanFactory.initializeBean(AbstractAutowireCapableBeanFactory.java:1788) ~[spring-beans-5.2.2.RELEASE.jar:5.2.2.RELEASE]
	at org.springframework.beans.factory.support.AbstractAutowireCapableBeanFactory.doCreateBean(AbstractAutowireCapableBeanFactory.java:595) ~[spring-beans-5.2.2.RELEASE.jar:5.2.2.RELEASE]
	... 79 common frames omitted
Caused by: java.lang.IllegalStateException: Failed to check the status of the service com.xxxx.sso.service.SsoService. No provider available for the service com.xxxx.sso.service.SsoService from the url zookeeper://192.168.10.100:2181/com.alibaba.dubbo.registry.RegistryService?application=rpc-consumer&dubbo=2.6.0&interface=com.xxxx.sso.service.SsoService&methods=logout,login,validate&pid=10000&register.ip=192.168.10.1&revision=1.0-SNAPSHOT&side=consumer&timestamp=1591434987585 to the consumer 192.168.10.1 use dubbo version 2.6.0
	at com.alibaba.dubbo.config.ReferenceConfig.createProxy(ReferenceConfig.java:422) ~[dubbo-2.6.0.jar:2.6.0]
	at com.alibaba.dubbo.config.ReferenceConfig.init(ReferenceConfig.java:333) ~[dubbo-2.6.0.jar:2.6.0]
	at com.alibaba.dubbo.config.ReferenceConfig.get(ReferenceConfig.java:163) ~[dubbo-2.6.0.jar:2.6.0]
	at com.alibaba.dubbo.config.spring.ReferenceBean.getObject(ReferenceBean.java:59) ~[dubbo-2.6.0.jar:2.6.0]
	at com.alibaba.dubbo.spring.boot.DubboConsumerAutoConfiguration$1.postProcessBeforeInitialization(DubboConsumerAutoConfiguration.java:89) ~[dubbo-spring-boot-starter-2.0.0.jar:na]
	... 82 common frames omitted

]]></system-out>
  </testcase>
</testsuite>